2022-09-29 14:02:21,121 [INFO] Activator:177 - 


2022-09-29 14:02:21,122 [INFO] Activator:178 - !SESSION log4j initialized
2022-09-29 14:06:55,348 [INFO] McuFinderGlobals:39 - Set McuFinder mode to 2 (CubeIDE integrated)
2022-09-29 14:06:55,813 [INFO] ApplicationProperties:181 - Using Application install path: V:\E-learning\MCU\lab\Stm32cubeide\STM32CubeIDE_1.7.0\STM32CubeIDE\plugins\com.st.stm32cube.common.mx_6.3.0.202107141111
2022-09-29 14:06:55,828 [INFO] DbMcusXml:74 - Set database path to: V:\E-learning\MCU\lab\Stm32cubeide\STM32CubeIDE_1.7.0\STM32CubeIDE\plugins\com.st.stm32cube.common.mx_6.3.0.202107141111\\db\/mcu/
2022-09-29 14:06:55,833 [INFO] DbBoardsPdsc:56 - Set plugin database path to: V:\E-learning\MCU\lab\Stm32cubeide\STM32CubeIDE_1.7.0\STM32CubeIDE\plugins\com.st.stm32cube.common.mx_6.3.0.202107141111\\db\/plugins/boardmanager/
2022-09-29 14:06:55,833 [INFO] DbMcus:258 - Set plugin images path to: V:\E-learning\MCU\lab\Stm32cubeide\STM32CubeIDE_1.7.0\STM32CubeIDE\plugins\com.st.stm32cube.common.mx_6.3.0.202107141111\\db\/plugins/mcufinder/images/
2022-09-29 14:06:55,833 [INFO] DbBoards:264 - Set plugin images path to: V:\E-learning\MCU\lab\Stm32cubeide\STM32CubeIDE_1.7.0\STM32CubeIDE\plugins\com.st.stm32cube.common.mx_6.3.0.202107141111\\db\/plugins/mcufinder/images/
2022-09-29 14:06:55,836 [INFO] DbExamples:333 - Set plugin images path to: V:\E-learning\MCU\lab\Stm32cubeide\STM32CubeIDE_1.7.0\STM32CubeIDE\plugins\com.st.stm32cube.common.mx_6.3.0.202107141111\\db\/plugins/mcufinder/images/
2022-09-29 14:06:55,848 [INFO] DbMcusAds:119 - Set database path to: C:\Users\PC\.stmcufinder\plugins\mcufinder//mcu/
2022-09-29 14:06:55,850 [INFO] DbMcusDocs:110 - Set database path to: C:\Users\PC\.stmcufinder\plugins\mcufinder//mcu/
2022-09-29 14:06:55,852 [INFO] DbMcusJson:64 - Set database path to: C:\Users\PC\.stmcufinder\plugins\mcufinder//mcu/
2022-09-29 14:06:55,853 [INFO] DbBoardsDocs:110 - Set database path to: C:\Users\PC\.stmcufinder\plugins\mcufinder//mcu/
2022-09-29 14:06:55,855 [INFO] DbBoardsJson:57 - Set database path to: C:\Users\PC\.stmcufinder\plugins\mcufinder//mcu/
2022-09-29 14:06:55,944 [INFO] CrossReferenceDbSqlite:196 - Set database path to: C:\Users\PC\.stmcufinder\plugins\mcufinder//mcu/cs/
2022-09-29 14:06:55,947 [INFO] DbExamplesSqlite:767 - Set database path to: C:\Users\PC\.stmcufinder\plugins\mcufinder//mcu/
2022-09-29 14:06:56,056 [INFO] RulesReader:57 - Compatibility file has been processed (242 Rules)
2022-09-29 14:06:56,145 [INFO] DbMcusXml:74 - Set database path to: V:\E-learning\MCU\lab\Stm32cubeide\STM32CubeIDE_1.7.0\STM32CubeIDE\plugins\com.st.stm32cube.common.mx_6.3.0.202107141111\\db\/mcu/
2022-09-29 14:06:56,146 [INFO] DbBoardsPdsc:56 - Set plugin database path to: V:\E-learning\MCU\lab\Stm32cubeide\STM32CubeIDE_1.7.0\STM32CubeIDE\plugins\com.st.stm32cube.common.mx_6.3.0.202107141111\\db\/plugins/boardmanager/
2022-09-29 14:06:56,146 [INFO] DbMcus:258 - Set plugin images path to: V:\E-learning\MCU\lab\Stm32cubeide\STM32CubeIDE_1.7.0\STM32CubeIDE\plugins\com.st.stm32cube.common.mx_6.3.0.202107141111\\db\/plugins/mcufinder/images/
2022-09-29 14:06:56,146 [INFO] DbBoards:264 - Set plugin images path to: V:\E-learning\MCU\lab\Stm32cubeide\STM32CubeIDE_1.7.0\STM32CubeIDE\plugins\com.st.stm32cube.common.mx_6.3.0.202107141111\\db\/plugins/mcufinder/images/
2022-09-29 14:06:56,146 [INFO] DbExamples:333 - Set plugin images path to: V:\E-learning\MCU\lab\Stm32cubeide\STM32CubeIDE_1.7.0\STM32CubeIDE\plugins\com.st.stm32cube.common.mx_6.3.0.202107141111\\db\/plugins/mcufinder/images/
2022-09-29 14:06:56,147 [WARN] DbFile:35 - Overriding database path with different value: C:\Users\PC\.stmcufinder\plugins\mcufinder/ => C:\Users\PC\.stmcufinder\plugins\mcufinder
2022-09-29 14:06:56,147 [INFO] DbMcusAds:119 - Set database path to: C:\Users\PC\.stmcufinder\plugins\mcufinder//mcu/
2022-09-29 14:06:56,147 [WARN] DbFile:35 - Overriding database path with different value: C:\Users\PC\.stmcufinder\plugins\mcufinder/ => C:\Users\PC\.stmcufinder\plugins\mcufinder
2022-09-29 14:06:56,147 [INFO] DbMcusDocs:110 - Set database path to: C:\Users\PC\.stmcufinder\plugins\mcufinder//mcu/
2022-09-29 14:06:56,147 [WARN] DbFile:35 - Overriding database path with different value: C:\Users\PC\.stmcufinder\plugins\mcufinder/ => C:\Users\PC\.stmcufinder\plugins\mcufinder
2022-09-29 14:06:56,147 [INFO] DbMcusJson:64 - Set database path to: C:\Users\PC\.stmcufinder\plugins\mcufinder//mcu/
2022-09-29 14:06:56,147 [WARN] DbFile:35 - Overriding database path with different value: C:\Users\PC\.stmcufinder\plugins\mcufinder/ => C:\Users\PC\.stmcufinder\plugins\mcufinder
2022-09-29 14:06:56,147 [INFO] DbBoardsDocs:110 - Set database path to: C:\Users\PC\.stmcufinder\plugins\mcufinder//mcu/
2022-09-29 14:06:56,147 [WARN] DbFile:35 - Overriding database path with different value: C:\Users\PC\.stmcufinder\plugins\mcufinder/ => C:\Users\PC\.stmcufinder\plugins\mcufinder
2022-09-29 14:06:56,148 [INFO] DbBoardsJson:57 - Set database path to: C:\Users\PC\.stmcufinder\plugins\mcufinder//mcu/
2022-09-29 14:06:56,148 [WARN] DbFile:35 - Overriding database path with different value: C:\Users\PC\.stmcufinder\plugins\mcufinder/ => C:\Users\PC\.stmcufinder\plugins\mcufinder
2022-09-29 14:06:56,148 [WARN] DbFile:35 - Overriding database path with different value: C:\Users\PC\.stmcufinder\plugins\mcufinder/ => C:\Users\PC\.stmcufinder\plugins\mcufinder
2022-09-29 14:06:56,148 [INFO] CrossReferenceDbSqlite:196 - Set database path to: C:\Users\PC\.stmcufinder\plugins\mcufinder//mcu/cs/
2022-09-29 14:06:56,148 [WARN] DbFile:35 - Overriding database path with different value: C:\Users\PC\.stmcufinder\plugins\mcufinder/ => C:\Users\PC\.stmcufinder\plugins\mcufinder
2022-09-29 14:06:56,148 [INFO] DbExamplesSqlite:767 - Set database path to: C:\Users\PC\.stmcufinder\plugins\mcufinder//mcu/
2022-09-29 14:06:56,212 [INFO] MainPanel:214 - HeapMemory: 560988160
2022-09-29 14:06:56,302 [INFO] DbMcusXml:74 - Set database path to: V:\E-learning\MCU\lab\Stm32cubeide\STM32CubeIDE_1.7.0\STM32CubeIDE\plugins\com.st.stm32cube.common.mx_6.3.0.202107141111\\db\/mcu/
2022-09-29 14:06:56,303 [INFO] DbBoardsPdsc:56 - Set plugin database path to: V:\E-learning\MCU\lab\Stm32cubeide\STM32CubeIDE_1.7.0\STM32CubeIDE\plugins\com.st.stm32cube.common.mx_6.3.0.202107141111\\db\/plugins/boardmanager/
2022-09-29 14:06:56,303 [INFO] DbMcus:258 - Set plugin images path to: V:\E-learning\MCU\lab\Stm32cubeide\STM32CubeIDE_1.7.0\STM32CubeIDE\plugins\com.st.stm32cube.common.mx_6.3.0.202107141111\\db\/plugins/mcufinder/images/
2022-09-29 14:06:56,303 [INFO] DbBoards:264 - Set plugin images path to: V:\E-learning\MCU\lab\Stm32cubeide\STM32CubeIDE_1.7.0\STM32CubeIDE\plugins\com.st.stm32cube.common.mx_6.3.0.202107141111\\db\/plugins/mcufinder/images/
2022-09-29 14:06:56,303 [INFO] DbExamples:333 - Set plugin images path to: V:\E-learning\MCU\lab\Stm32cubeide\STM32CubeIDE_1.7.0\STM32CubeIDE\plugins\com.st.stm32cube.common.mx_6.3.0.202107141111\\db\/plugins/mcufinder/images/
2022-09-29 14:06:56,303 [WARN] DbFile:35 - Overriding database path with different value: C:\Users\PC\.stmcufinder\plugins\mcufinder/ => C:\Users\PC\.stmcufinder\plugins\mcufinder
2022-09-29 14:06:56,303 [INFO] DbMcusAds:119 - Set database path to: C:\Users\PC\.stmcufinder\plugins\mcufinder//mcu/
2022-09-29 14:06:56,303 [WARN] DbFile:35 - Overriding database path with different value: C:\Users\PC\.stmcufinder\plugins\mcufinder/ => C:\Users\PC\.stmcufinder\plugins\mcufinder
2022-09-29 14:06:56,303 [INFO] DbMcusDocs:110 - Set database path to: C:\Users\PC\.stmcufinder\plugins\mcufinder//mcu/
2022-09-29 14:06:56,303 [WARN] DbFile:35 - Overriding database path with different value: C:\Users\PC\.stmcufinder\plugins\mcufinder/ => C:\Users\PC\.stmcufinder\plugins\mcufinder
2022-09-29 14:06:56,303 [INFO] DbMcusJson:64 - Set database path to: C:\Users\PC\.stmcufinder\plugins\mcufinder//mcu/
2022-09-29 14:06:56,303 [WARN] DbFile:35 - Overriding database path with different value: C:\Users\PC\.stmcufinder\plugins\mcufinder/ => C:\Users\PC\.stmcufinder\plugins\mcufinder
2022-09-29 14:06:56,303 [INFO] DbBoardsDocs:110 - Set database path to: C:\Users\PC\.stmcufinder\plugins\mcufinder//mcu/
2022-09-29 14:06:56,304 [WARN] DbFile:35 - Overriding database path with different value: C:\Users\PC\.stmcufinder\plugins\mcufinder/ => C:\Users\PC\.stmcufinder\plugins\mcufinder
2022-09-29 14:06:56,304 [INFO] DbBoardsJson:57 - Set database path to: C:\Users\PC\.stmcufinder\plugins\mcufinder//mcu/
2022-09-29 14:06:56,304 [WARN] DbFile:35 - Overriding database path with different value: C:\Users\PC\.stmcufinder\plugins\mcufinder/ => C:\Users\PC\.stmcufinder\plugins\mcufinder
2022-09-29 14:06:56,304 [WARN] DbFile:35 - Overriding database path with different value: C:\Users\PC\.stmcufinder\plugins\mcufinder/ => C:\Users\PC\.stmcufinder\plugins\mcufinder
2022-09-29 14:06:56,304 [INFO] CrossReferenceDbSqlite:196 - Set database path to: C:\Users\PC\.stmcufinder\plugins\mcufinder//mcu/cs/
2022-09-29 14:06:56,304 [WARN] DbFile:35 - Overriding database path with different value: C:\Users\PC\.stmcufinder\plugins\mcufinder/ => C:\Users\PC\.stmcufinder\plugins\mcufinder
2022-09-29 14:06:56,304 [INFO] DbExamplesSqlite:767 - Set database path to: C:\Users\PC\.stmcufinder\plugins\mcufinder//mcu/
2022-09-29 14:06:56,323 [INFO] ApplicationProperties:181 - Using Application install path: V:\E-learning\MCU\lab\Stm32cubeide\STM32CubeIDE_1.7.0\STM32CubeIDE\plugins\com.st.stm32cube.common.mx_6.3.0.202107141111
2022-09-29 14:06:56,324 [INFO] PluginManage:188 - Search for loadable plugins [exclusion list=, ]
2022-09-29 14:06:56,325 [INFO] PluginManage:302 - Check plugin analytics
2022-09-29 14:07:01,100 [INFO] AnalyticsPlugin:257 - Accepted Software Licenses: 
2022-09-29 14:07:01,101 [INFO] AnalyticsPlugin:259 - Accepted CMSIS Pack Licenses: 
2022-09-29 14:07:01,101 [INFO] AnalyticsPlugin:261 - Accepted Firmware Licenses: 
2022-09-29 14:07:01,101 [INFO] PluginManage:352 - Loaded plugin analytics (category:tool,tabindex:-1)
2022-09-29 14:07:01,101 [INFO] PluginManage:302 - Check plugin clock
2022-09-29 14:07:01,124 [INFO] PluginManage:352 - Loaded plugin clock (category:base,tabindex:2)
2022-09-29 14:07:01,124 [INFO] PluginManage:302 - Check plugin ddr
2022-09-29 14:07:01,129 [INFO] PluginManage:352 - Loaded plugin ddr (category:tool,tabindex:6)
2022-09-29 14:07:01,129 [INFO] PluginManage:302 - Check plugin filemanager
2022-09-29 14:07:01,263 [INFO] PluginManage:352 - Loaded plugin filemanager (category:base,tabindex:10)
2022-09-29 14:07:01,263 [INFO] PluginManage:302 - Check plugin ipmanager
2022-09-29 14:07:01,270 [INFO] PluginManage:352 - Loaded plugin ipmanager (category:base,tabindex:5)
2022-09-29 14:07:01,271 [INFO] PluginManage:302 - Check plugin pinoutandconfiguration
2022-09-29 14:07:01,286 [INFO] PluginManage:352 - Loaded plugin pinoutandconfiguration (category:base,tabindex:1)
2022-09-29 14:07:01,286 [INFO] PluginManage:302 - Check plugin pinoutconfig
2022-09-29 14:07:01,322 [INFO] PluginManage:352 - Loaded plugin pinoutconfig (category:base,tabindex:0)
2022-09-29 14:07:01,322 [INFO] PluginManage:302 - Check plugin power
2022-09-29 14:07:01,341 [INFO] PluginManage:352 - Loaded plugin power (category:power,tabindex:4)
2022-09-29 14:07:01,341 [INFO] PluginManage:302 - Check plugin projectmanager
2022-09-29 14:07:01,356 [INFO] PluginManage:352 - Loaded plugin projectmanager (category:projectmanager,tabindex:3)
2022-09-29 14:07:01,356 [INFO] PluginManage:302 - Check plugin thirdparty
2022-09-29 14:07:01,770 [INFO] PluginManage:352 - Loaded plugin thirdparty (category:base,tabindex:-1)
2022-09-29 14:07:01,770 [INFO] PluginManage:302 - Check plugin tools
2022-09-29 14:07:01,771 [WARN] IntegrityCheckThread:78 - waiting for thirdparty lock release [integrity check]
2022-09-29 14:07:01,772 [INFO] IntegrityCheckThread:80 - entering critical section [integrity check]
2022-09-29 14:07:01,772 [INFO] ThirdPartyUpdaterWithRetryManager:66 - Updater plugin not ready yet. [1/15]
2022-09-29 14:07:01,863 [INFO] PluginManage:352 - Loaded plugin tools (category:base,tabindex:7)
2022-09-29 14:07:01,864 [INFO] PluginManage:302 - Check plugin tutovideos
2022-09-29 14:07:02,104 [INFO] PluginManage:352 - Loaded plugin tutovideos (category:base,tabindex:-1)
2022-09-29 14:07:02,104 [INFO] PluginManage:302 - Check plugin updater
2022-09-29 14:07:02,120 [INFO] PluginManage:352 - Loaded plugin updater (category:base,tabindex:12)
2022-09-29 14:07:02,121 [INFO] PluginManage:275 - PluginManage : Loaded plugins [13]
2022-09-29 14:07:02,286 [INFO] PinOutPanel:1463 - setPackage(No Configuration,No Configuration)
2022-09-29 14:07:02,386 [INFO] IPUIPlugin:74 - create IPUIPlugin
2022-09-29 14:07:02,386 [INFO] PluginManager:213 - loadIPPluginJar : add adc
2022-09-29 14:07:02,423 [INFO] IPUIPlugin:74 - create IPUIPlugin
2022-09-29 14:07:02,423 [INFO] PluginManager:213 - loadIPPluginJar : add aes
2022-09-29 14:07:02,464 [INFO] IPUIPlugin:74 - create IPUIPlugin
2022-09-29 14:07:02,465 [INFO] PluginManager:213 - loadIPPluginJar : add can
2022-09-29 14:07:02,490 [INFO] IPUIPlugin:74 - create IPUIPlugin
2022-09-29 14:07:02,491 [INFO] PluginManager:213 - loadIPPluginJar : add comp
2022-09-29 14:07:02,521 [INFO] IPUIPlugin:74 - create IPUIPlugin
2022-09-29 14:07:02,521 [INFO] PluginManager:213 - loadIPPluginJar : add cryp
2022-09-29 14:07:02,552 [INFO] IPUIPlugin:74 - create IPUIPlugin
2022-09-29 14:07:02,552 [INFO] PluginManager:213 - loadIPPluginJar : add dfsdm
2022-09-29 14:07:02,566 [INFO] IPUIPlugin:74 - create IPUIPlugin
2022-09-29 14:07:02,567 [INFO] PluginManager:213 - loadIPPluginJar : add dma
2022-09-29 14:07:02,607 [INFO] IPUIPlugin:74 - create IPUIPlugin
2022-09-29 14:07:02,607 [INFO] PluginManager:213 - loadIPPluginJar : add dma3
2022-09-29 14:07:02,631 [INFO] IPUIPlugin:74 - create IPUIPlugin
2022-09-29 14:07:02,631 [INFO] PluginManager:213 - loadIPPluginJar : add fatfs
2022-09-29 14:07:02,679 [INFO] IPUIPlugin:74 - create IPUIPlugin
2022-09-29 14:07:02,680 [INFO] PluginManager:213 - loadIPPluginJar : add fmc
2022-09-29 14:07:02,693 [INFO] IPUIPlugin:74 - create IPUIPlugin
2022-09-29 14:07:02,693 [INFO] PluginManager:213 - loadIPPluginJar : add freertos
2022-09-29 14:07:02,716 [INFO] IPUIPlugin:74 - create IPUIPlugin
2022-09-29 14:07:02,716 [INFO] PluginManager:213 - loadIPPluginJar : add genericplugin
2022-09-29 14:07:02,799 [INFO] IPUIPlugin:74 - create IPUIPlugin
2022-09-29 14:07:02,799 [INFO] PluginManager:213 - loadIPPluginJar : add gfxmmu
2022-09-29 14:07:02,915 [INFO] IPUIPlugin:74 - create IPUIPlugin
2022-09-29 14:07:02,916 [INFO] PluginManager:213 - loadIPPluginJar : add gic
2022-09-29 14:07:02,927 [INFO] IPUIPlugin:74 - create IPUIPlugin
2022-09-29 14:07:02,928 [INFO] PluginManager:213 - loadIPPluginJar : add gpio
2022-09-29 14:07:02,997 [INFO] IPUIPlugin:74 - create IPUIPlugin
2022-09-29 14:07:02,997 [INFO] PluginManager:213 - loadIPPluginJar : add gtzc
2022-09-29 14:07:03,026 [INFO] IPUIPlugin:74 - create IPUIPlugin
2022-09-29 14:07:03,026 [INFO] PluginManager:213 - loadIPPluginJar : add hash
2022-09-29 14:07:03,075 [INFO] IPUIPlugin:74 - create IPUIPlugin
2022-09-29 14:07:03,076 [INFO] PluginManager:213 - loadIPPluginJar : add i2c
2022-09-29 14:07:03,115 [INFO] IPUIPlugin:74 - create IPUIPlugin
2022-09-29 14:07:03,116 [INFO] PluginManager:213 - loadIPPluginJar : add i2s
2022-09-29 14:07:03,126 [INFO] IPUIPlugin:74 - create IPUIPlugin
2022-09-29 14:07:03,126 [INFO] PluginManager:213 - loadIPPluginJar : add ipddr
2022-09-29 14:07:03,204 [INFO] IPUIPlugin:74 - create IPUIPlugin
2022-09-29 14:07:03,205 [INFO] PluginManager:213 - loadIPPluginJar : add linkedlist
2022-09-29 14:07:03,239 [INFO] IPUIPlugin:74 - create IPUIPlugin
2022-09-29 14:07:03,239 [INFO] PluginManager:213 - loadIPPluginJar : add lorawan
2022-09-29 14:07:03,275 [INFO] IPUIPlugin:74 - create IPUIPlugin
2022-09-29 14:07:03,275 [INFO] PluginManager:213 - loadIPPluginJar : add ltdc
2022-09-29 14:07:03,286 [INFO] IPUIPlugin:74 - create IPUIPlugin
2022-09-29 14:07:03,287 [INFO] PluginManager:213 - loadIPPluginJar : add mdma
2022-09-29 14:07:03,297 [INFO] IPUIPlugin:74 - create IPUIPlugin
2022-09-29 14:07:03,297 [INFO] PluginManager:213 - loadIPPluginJar : add nvic
2022-09-29 14:07:03,335 [INFO] IPUIPlugin:74 - create IPUIPlugin
2022-09-29 14:07:03,335 [INFO] PluginManager:213 - loadIPPluginJar : add opamp
2022-09-29 14:07:03,393 [INFO] IPUIPlugin:74 - create IPUIPlugin
2022-09-29 14:07:03,393 [INFO] PluginManager:213 - loadIPPluginJar : add openamp
2022-09-29 14:07:03,434 [INFO] IPUIPlugin:74 - create IPUIPlugin
2022-09-29 14:07:03,434 [INFO] PluginManager:213 - loadIPPluginJar : add pdm2pcm
2022-09-29 14:07:03,448 [INFO] IPUIPlugin:74 - create IPUIPlugin
2022-09-29 14:07:03,451 [INFO] PluginManager:213 - loadIPPluginJar : add plateformsettings
2022-09-29 14:07:03,476 [INFO] IPUIPlugin:74 - create IPUIPlugin
2022-09-29 14:07:03,476 [INFO] PluginManager:213 - loadIPPluginJar : add quadspi
2022-09-29 14:07:03,487 [INFO] IPUIPlugin:74 - create IPUIPlugin
2022-09-29 14:07:03,488 [INFO] PluginManager:213 - loadIPPluginJar : add resmgrutility
2022-09-29 14:07:03,539 [INFO] IPUIPlugin:74 - create IPUIPlugin
2022-09-29 14:07:03,539 [INFO] PluginManager:213 - loadIPPluginJar : add sai
2022-09-29 14:07:03,576 [INFO] IPUIPlugin:74 - create IPUIPlugin
2022-09-29 14:07:03,576 [INFO] PluginManager:213 - loadIPPluginJar : add spi
2022-09-29 14:07:03,627 [INFO] IPUIPlugin:74 - create IPUIPlugin
2022-09-29 14:07:03,627 [INFO] PluginManager:213 - loadIPPluginJar : add stm32_wpan
2022-09-29 14:07:03,652 [INFO] IPUIPlugin:74 - create IPUIPlugin
2022-09-29 14:07:03,653 [INFO] PluginManager:213 - loadIPPluginJar : add tim
2022-09-29 14:07:03,711 [INFO] IPUIPlugin:74 - create IPUIPlugin
2022-09-29 14:07:03,712 [INFO] PluginManager:213 - loadIPPluginJar : add touchsensing
2022-09-29 14:07:03,737 [INFO] IPUIPlugin:74 - create IPUIPlugin
2022-09-29 14:07:03,738 [INFO] PluginManager:213 - loadIPPluginJar : add tracer_emb
2022-09-29 14:07:03,765 [INFO] IPUIPlugin:74 - create IPUIPlugin
2022-09-29 14:07:03,765 [INFO] PluginManager:213 - loadIPPluginJar : add ts
2022-09-29 14:07:03,791 [INFO] IPUIPlugin:74 - create IPUIPlugin
2022-09-29 14:07:03,791 [INFO] PluginManager:213 - loadIPPluginJar : add tsc
2022-09-29 14:07:03,817 [INFO] IPUIPlugin:74 - create IPUIPlugin
2022-09-29 14:07:03,817 [INFO] PluginManager:213 - loadIPPluginJar : add ucpd
2022-09-29 14:07:03,861 [INFO] IPUIPlugin:74 - create IPUIPlugin
2022-09-29 14:07:03,862 [INFO] PluginManager:213 - loadIPPluginJar : add usart
2022-09-29 14:07:03,898 [INFO] IPUIPlugin:74 - create IPUIPlugin
2022-09-29 14:07:03,898 [INFO] PluginManager:213 - loadIPPluginJar : add usbx
2022-09-29 14:07:04,184 [FATAL] Updater:294 - Updater called before beeing initialized
2022-09-29 14:07:04,274 [FATAL] Updater:294 - Updater called before beeing initialized
2022-09-29 14:07:04,279 [INFO] DbMcusAds:47 - JSON generation date=Thu Sep 30 13:55:09 ICT 2021 (1632984909247)
2022-09-29 14:07:04,279 [FATAL] Updater:294 - Updater called before beeing initialized
2022-09-29 14:07:04,354 [WARN] DetailPanel:314 - Failed to get advertising image, set to default
2022-09-29 14:07:04,440 [FATAL] Updater:294 - Updater called before beeing initialized
2022-09-29 14:07:04,443 [FATAL] Updater:294 - Updater called before beeing initialized
2022-09-29 14:07:04,443 [FATAL] Updater:294 - Updater called before beeing initialized
2022-09-29 14:07:04,443 [WARN] DetailPanel:314 - Failed to get advertising image, set to default
2022-09-29 14:07:04,444 [FATAL] Updater:294 - Updater called before beeing initialized
2022-09-29 14:07:04,489 [ERROR] Updater:1075 - MainUpdater not yet initialized. External WinMGr cannot be set.
2022-09-29 14:07:04,498 [INFO] Updater:1012 - Updater Version found : 6.3.0
2022-09-29 14:07:04,518 [INFO] ApplicationProperties:181 - Using Application install path: V:\E-learning\MCU\lab\Stm32cubeide\STM32CubeIDE_1.7.0\STM32CubeIDE\plugins\com.st.stm32cube.common.mx_6.3.0.202107141111
2022-09-29 14:07:04,776 [INFO] ThirdPartyUpdaterWithRetryManager:66 - Updater plugin not ready yet. [2/15]
2022-09-29 14:07:04,940 [INFO] MainUpdater:2671 - connection check result : 10
2022-09-29 14:07:04,940 [INFO] MainUpdater:3359 - Updater definition file requires update
2022-09-29 14:07:04,941 [INFO] MainUpdater:265 - Updater Check For Update Now.
2022-09-29 14:07:04,941 [INFO] MicroXplorer:478 - Change Database Version : DB.6.0.30
2022-09-29 14:07:05,156 [INFO] ServerAccessManage:362 - Download File updaters.zip
2022-09-29 14:07:05,341 [INFO] FileExtend:235 - Unzip File : updaters.zip
2022-09-29 14:07:05,341 [INFO] FileExtend:250 - Standard Zip Deflate
2022-09-29 14:07:06,241 [INFO] ServerAccessManage:362 - Download File PacksControlFlags.xml
2022-09-29 14:07:06,505 [INFO] ServerAccessManage:362 - Download File cubemx.pidx
2022-09-29 14:07:06,584 [INFO] LoadServerUpdatesThread:339 - End of LoadServerUpdate Thread
2022-09-29 14:07:06,731 [INFO] CheckServerUpdateThread:112 - End of CheckServer Thread
2022-09-29 14:07:06,840 [INFO] MainUpdater:2671 - connection check result : 10
2022-09-29 14:07:06,859 [INFO] McuFinderGlobals:52 - Set McuFinderConnectedMode to true
2022-09-29 14:07:07,099 [INFO] ServerAccessManage:362 - Download File mcusAds.json._tmp_
2022-09-29 14:07:07,223 [INFO] LoadUrlFilesThread:145 - End of LoadUrlFiles Thread
2022-09-29 14:07:07,784 [WARN] MainUpdater:1122 - Updater busy. Cannot search thirdparties
2022-09-29 14:07:07,785 [INFO] ThirdPartyUpdaterWithRetryManager:92 - Updater plugin is busy. [1/15]
2022-09-29 14:07:08,290 [INFO] ServerAccessManage:362 - Download File mcusDocs.json._tmp_
2022-09-29 14:07:09,121 [INFO] LoadUrlFilesThread:145 - End of LoadUrlFiles Thread
2022-09-29 14:07:09,386 [INFO] ServerAccessManage:362 - Download File mcusFeaturesAndDescription.json._tmp_
2022-09-29 14:07:10,790 [WARN] MainUpdater:1122 - Updater busy. Cannot search thirdparties
2022-09-29 14:07:10,790 [INFO] ThirdPartyUpdaterWithRetryManager:92 - Updater plugin is busy. [2/15]
2022-09-29 14:07:11,169 [INFO] LoadUrlFilesThread:145 - End of LoadUrlFiles Thread
2022-09-29 14:07:11,478 [INFO] ServerAccessManage:362 - Download File boardsDocs.json._tmp_
2022-09-29 14:07:11,593 [INFO] LoadUrlFilesThread:145 - End of LoadUrlFiles Thread
2022-09-29 14:07:11,996 [INFO] ServerAccessManage:362 - Download File boards.json._tmp_
2022-09-29 14:07:12,380 [INFO] LoadUrlFilesThread:145 - End of LoadUrlFiles Thread
2022-09-29 14:07:12,634 [INFO] ServerAccessManage:362 - Download File cube-finder-db.zip
2022-09-29 14:07:13,791 [WARN] MainUpdater:1122 - Updater busy. Cannot search thirdparties
2022-09-29 14:07:13,791 [INFO] ThirdPartyUpdaterWithRetryManager:92 - Updater plugin is busy. [3/15]
2022-09-29 14:07:16,799 [WARN] MainUpdater:1122 - Updater busy. Cannot search thirdparties
2022-09-29 14:07:16,799 [INFO] ThirdPartyUpdaterWithRetryManager:92 - Updater plugin is busy. [4/15]
2022-09-29 14:07:19,803 [WARN] MainUpdater:1122 - Updater busy. Cannot search thirdparties
2022-09-29 14:07:19,803 [INFO] ThirdPartyUpdaterWithRetryManager:92 - Updater plugin is busy. [5/15]
2022-09-29 14:07:19,823 [INFO] FileExtend:235 - Unzip File : cube-finder-db.zip
2022-09-29 14:07:19,823 [INFO] FileExtend:250 - Standard Zip Deflate
2022-09-29 14:07:20,474 [INFO] LoadUrlFilesThread:145 - End of LoadUrlFiles Thread
2022-09-29 14:07:22,067 [INFO] ServerAccessManage:362 - Download File crdb.zip
2022-09-29 14:07:22,803 [WARN] MainUpdater:1122 - Updater busy. Cannot search thirdparties
2022-09-29 14:07:22,803 [INFO] ThirdPartyUpdaterWithRetryManager:92 - Updater plugin is busy. [6/15]
2022-09-29 14:07:23,981 [INFO] FileExtend:235 - Unzip File : crdb.zip
2022-09-29 14:07:23,981 [INFO] FileExtend:250 - Standard Zip Deflate
2022-09-29 14:07:24,123 [INFO] LoadUrlFilesThread:145 - End of LoadUrlFiles Thread
2022-09-29 14:07:24,469 [INFO] ServerAccessManage:362 - Download File tutoVideoDB.zip
2022-09-29 14:07:24,565 [INFO] FileExtend:235 - Unzip File : tutoVideoDB.zip
2022-09-29 14:07:24,565 [INFO] FileExtend:250 - Standard Zip Deflate
2022-09-29 14:07:24,687 [INFO] LoadUrlFilesThread:145 - End of LoadUrlFiles Thread
2022-09-29 14:07:24,687 [INFO] DbMcusAds:47 - JSON generation date=Thu Sep 30 13:55:09 ICT 2021 (1632984909247)
2022-09-29 14:07:24,701 [INFO] DbMcusDocs:143 - JSON generation date=Tue Nov 16 23:17:54 ICT 2021 (1637079474)
2022-09-29 14:07:24,702 [INFO] DbMcusXml:100 - Load MCU database from V:\E-learning\MCU\lab\Stm32cubeide\STM32CubeIDE_1.7.0\STM32CubeIDE\plugins\com.st.stm32cube.common.mx_6.3.0.202107141111\\db\/mcu/families.xml
2022-09-29 14:07:25,480 [INFO] DbMcusJson:93 - JSON generation date=Tue Nov 16 23:17:54 ICT 2021 (1637079474)
2022-09-29 14:07:25,954 [WARN] PackLoader:238 - Cannot read IP mode file for STMicroelectronics.X-CUBE-GNSS1.6.0.0
2022-09-29 14:07:26,035 [WARN] PackLoader:238 - Cannot read IP mode file for STMicroelectronics.X-CUBE-AZRTOS-F4.1.1.0
2022-09-29 14:07:26,075 [WARN] PackLoader:238 - Cannot read IP mode file for STMicroelectronics.X-CUBE-AZRTOS-F7.1.1.0
2022-09-29 14:07:26,089 [WARN] PackLoader:238 - Cannot read IP mode file for STMicroelectronics.X-CUBE-BLE1.6.2.3
2022-09-29 14:07:26,103 [WARN] PackLoader:238 - Cannot read IP mode file for STMicroelectronics.X-CUBE-NFC4.2.0.4
2022-09-29 14:07:26,127 [WARN] PackLoader:238 - Cannot read IP mode file for STMicroelectronics.X-CUBE-TOF1.3.1.0
2022-09-29 14:07:26,143 [WARN] PackLoader:238 - Cannot read IP mode file for wolfSSL.I-CUBE-wolfSSL.5.5.0
2022-09-29 14:07:26,153 [WARN] PackLoader:238 - Cannot read IP mode file for STMicroelectronics.X-CUBE-NFC7.1.0.0
2022-09-29 14:07:26,185 [INFO] DbMcus:175 - Found 1951 MCUs (1903 are supported by CubeMX, 1914 are visible in CubeMX)
2022-09-29 14:07:26,186 [INFO] ApiDb:251 - Load user favorites file C:\Users\PC/.stm32cubeide/favorites.mcus.txt: 0 item(s)
2022-09-29 14:07:26,186 [INFO] ApiDb:255 - User favorites MCUs=[]
2022-09-29 14:07:26,186 [INFO] DbMcus:187 - Set 0 / 0 favorites MCUs
2022-09-29 14:07:26,227 [WARN] PackLoader:238 - Cannot read IP mode file for STMicroelectronics.X-CUBE-MEMS1.9.3.0
2022-09-29 14:07:26,465 [WARN] PackLoader:238 - Cannot read IP mode file for STMicroelectronics.X-CUBE-AI.7.2.0
2022-09-29 14:07:26,476 [WARN] PackLoader:238 - Cannot read IP mode file for STMicroelectronics.X-CUBE-SFXS2LP1.4.0.0
2022-09-29 14:07:26,487 [WARN] PackLoader:238 - Cannot read IP mode file for STMicroelectronics.X-CUBE-BLE2.3.3.0
2022-09-29 14:07:26,503 [WARN] PackLoader:238 - Cannot read IP mode file for STMicroelectronics.X-CUBE-DISPLAY.2.2.0
2022-09-29 14:07:26,515 [WARN] PackLoader:238 - Cannot read IP mode file for STMicroelectronics.X-CUBE-ISPU.1.0.0
2022-09-29 14:07:26,528 [WARN] PackLoader:238 - Cannot read IP mode file for RoweBots.I-CUBE-UNISONRTOS.5.5.0-4
2022-09-29 14:07:26,558 [WARN] PackLoader:238 - Cannot read IP mode file for STMicroelectronics.X-CUBE-AZRTOS-H7.2.1.0
2022-09-29 14:07:26,576 [WARN] PackLoader:238 - Cannot read IP mode file for STMicroelectronics.X-CUBE-BLEMGR.1.0.0
2022-09-29 14:07:26,591 [WARN] PackLoader:238 - Cannot read IP mode file for STMicroelectronics.X-CUBE-ALGOBUILD.1.3.0
2022-09-29 14:07:26,647 [WARN] PackLoader:238 - Cannot read IP mode file for STMicroelectronics.X-CUBE-AZRTOS-G0.1.1.0
2022-09-29 14:07:26,667 [WARN] PackLoader:238 - Cannot read IP mode file for STMicroelectronics.X-CUBE-SUBG2.5.0.0
2022-09-29 14:07:26,720 [WARN] PackLoader:238 - Cannot read IP mode file for SEGGER.I-CUBE-embOS.1.2.0
2022-09-29 14:07:26,764 [WARN] PackLoader:238 - Cannot read IP mode file for STMicroelectronics.FP-ATR-ASTRA1.1.1.1
2022-09-29 14:07:26,786 [WARN] PackLoader:238 - Cannot read IP mode file for STMicroelectronics.X-CUBE-AZRTOS-G4.1.0.0
2022-09-29 14:07:26,814 [WARN] PackLoader:238 - Cannot read IP mode file for STMicroelectronics.X-CUBE-AZRTOS-L4.1.0.0
2022-09-29 14:07:26,827 [WARN] PackLoader:238 - Cannot read IP mode file for emotas.I-CUBE-CANOPEN.1.1.2
2022-09-29 14:07:26,837 [WARN] PackLoader:238 - Cannot read IP mode file for STMicroelectronics.X-CUBE-TOUCHGFX.4.20.0
2022-09-29 14:07:26,856 [WARN] PackLoader:238 - Cannot read IP mode file for STMicroelectronics.X-CUBE-AZRTOS-WL.1.0.0
2022-09-29 14:07:26,867 [WARN] PackLoader:238 - Cannot read IP mode file for portGmbH.I-Cube-SoM-uGOAL.1.1.0
2022-09-29 14:07:26,876 [WARN] PackLoader:238 - Cannot read IP mode file for STMicroelectronics.X-CUBE-ALS.1.0.1
2022-09-29 14:07:26,899 [WARN] PackLoader:238 - Cannot read IP mode file for STMicroelectronics.X-CUBE-AZRTOS-L5.1.0.0
2022-09-29 14:07:26,910 [WARN] PackLoader:238 - Cannot read IP mode file for STMicroelectronics.X-CUBE-EEPRMA1.3.1.1
2022-09-29 14:07:26,911 [INFO] ThirdParty:915 - Integrity check success = true
2022-09-29 14:07:26,912 [INFO] IntegrityCheckThread:94 - exiting critical section [integrity check]
2022-09-29 14:07:26,912 [INFO] IntegrityCheckThread:97 - End integrity checks thread
2022-09-29 14:07:26,943 [INFO] DbMcusDocs:79 - Found 682 MCUs documents
2022-09-29 14:07:26,945 [INFO] ApiDb:276 - Save user favorites file C:\Users\PC/.stm32cubeide/favorites.mcus.txt: 0 item(s)
2022-09-29 14:07:26,945 [INFO] ApiDb:280 - User favorites MCUs=[]
2022-09-29 14:07:26,945 [INFO] DbMcusXml:100 - Load MCU database from V:\E-learning\MCU\lab\Stm32cubeide\STM32CubeIDE_1.7.0\STM32CubeIDE\plugins\com.st.stm32cube.common.mx_6.3.0.202107141111\\db\/mcu/families.xml
2022-09-29 14:07:27,578 [INFO] DbMcusJson:93 - JSON generation date=Tue Nov 16 23:17:54 ICT 2021 (1637079474)
2022-09-29 14:07:28,186 [INFO] DbMcus:175 - Found 1951 MCUs (1903 are supported by CubeMX, 1914 are visible in CubeMX)
2022-09-29 14:07:28,186 [INFO] ApiDb:251 - Load user favorites file C:\Users\PC/.stm32cubeide/favorites.mcus.txt: 0 item(s)
2022-09-29 14:07:28,186 [INFO] ApiDb:255 - User favorites MCUs=[]
2022-09-29 14:07:28,186 [INFO] DbMcus:187 - Set 0 / 0 favorites MCUs
2022-09-29 14:07:28,192 [INFO] DbBoardsDocs:143 - JSON generation date=Tue Nov 16 23:17:54 ICT 2021 (1637079474)
2022-09-29 14:07:28,216 [INFO] DbBoardsPdsc:90 - Found 25 items
2022-09-29 14:07:28,226 [INFO] DbBoardsPdsc:90 - Found 9 items
2022-09-29 14:07:28,237 [INFO] DbBoardsPdsc:90 - Found 33 items
2022-09-29 14:07:28,246 [INFO] DbBoardsPdsc:90 - Found 1 items
2022-09-29 14:07:28,261 [INFO] DbBoardsPdsc:90 - Found 48 items
2022-09-29 14:07:28,274 [INFO] DbBoardsPdsc:90 - Found 43 items
2022-09-29 14:07:28,283 [INFO] DbBoardsPdsc:90 - Found 2 items
2022-09-29 14:07:28,292 [INFO] DbBoardsPdsc:90 - Found 5 items
2022-09-29 14:07:28,296 [WARN] DbBoardsPdsc:254 - Board STM32H7B3I-DK: unknown feature type=Audio, name=, username=Audio stereo codec with Headphone Amp (CS42L51-CNZ), n=1
2022-09-29 14:07:28,296 [WARN] DbBoardsPdsc:254 - Board STM32H735G-DK: unknown feature type=Audio, name=, username=Audio stereo codec with Headphone Amp (WM8994ECS/R), n=1
2022-09-29 14:07:28,298 [WARN] DbBoardsPdsc:254 - Board STM32H7B3I-EVAL: unknown feature type=Audio, name=, username=Multi-Channel Audio Codec (CS42L51-CNZ), n=1
2022-09-29 14:07:28,298 [WARN] DbBoardsPdsc:254 - Board STM32H7B3I-EVAL: unknown feature type=Meter, name=, username=Power-metering and Temperature-monitoring with sigma-delta modulators, n=1
2022-09-29 14:07:28,298 [WARN] DbBoardsPdsc:254 - Board STM32H7B3I-EVAL: unknown feature type=Motor, name=, username=Motor Control, n=1
2022-09-29 14:07:28,298 [WARN] DbBoardsPdsc:254 - Board STM32U575I-EV: unknown feature type=joystick, name=, username=4-direction joystick with selection button, n=1
2022-09-29 14:07:28,333 [INFO] DbBoardsJson:86 - JSON generation date=Tue Nov 16 23:17:54 ICT 2021 (1637079474)
2022-09-29 14:07:28,338 [INFO] DbBoards:117 - Found 167 boards (163 are supported by CubeMX)
2022-09-29 14:07:28,341 [INFO] DbBoardsDocs:143 - JSON generation date=Tue Nov 16 23:17:54 ICT 2021 (1637079474)
2022-09-29 14:07:28,345 [INFO] DbBoardsDocs:79 - Found 209 boards documents
2022-09-29 14:07:28,347 [WARN] DbBoards:127 - board B-L475E-IOT01A2 has no document id list !
2022-09-29 14:07:28,347 [WARN] DbBoards:127 - board NUCLEO-H743ZI has no document id list !
2022-09-29 14:07:28,348 [WARN] DbBoards:127 - board NUCLEO-WL55JC2 has no document id list !
2022-09-29 14:07:28,348 [WARN] DbBoards:127 - board P-NUCLEO-WB55-Nucleo has no document id list !
2022-09-29 14:07:28,348 [WARN] DbBoards:127 - board P-NUCLEO-WB55-USBDongle has no document id list !
2022-09-29 14:07:28,348 [WARN] DbBoards:127 - board STEVAL-BFA001V1B has no document id list !
2022-09-29 14:07:28,349 [WARN] DbBoards:127 - board STEVAL-BFA001V2B has no document id list !
2022-09-29 14:07:28,349 [WARN] DbBoards:127 - board STEVAL-IDP005V1 has no document id list !
2022-09-29 14:07:28,349 [WARN] DbBoards:127 - board STEVAL-IDP005V2 has no document id list !
2022-09-29 14:07:28,349 [WARN] DbBoards:127 - board STEVAL-MKSBOX1V1 has no document id list !
2022-09-29 14:07:28,349 [WARN] DbBoards:127 - board STEVAL-STWINKT1 has no document id list !
2022-09-29 14:07:28,349 [WARN] DbBoards:127 - board STEVAL-STWINKT1B has no document id list !
2022-09-29 14:07:28,349 [WARN] DbBoards:127 - board STM32439I-EVAL2 has no document id list !
2022-09-29 14:07:28,350 [WARN] DbBoards:127 - board STM32F401C-DISCO has no document id list !
2022-09-29 14:07:28,350 [WARN] DbBoards:127 - board STM32F769I-DISC1 has no document id list !
2022-09-29 14:07:28,350 [WARN] DbBoards:127 - board STM32G474E-EVAL1 has no document id list !
2022-09-29 14:07:28,350 [WARN] DbBoards:127 - board STM32H743I-EVAL2 has no document id list !
2022-09-29 14:07:28,350 [WARN] DbBoards:127 - board STM32H747I-DISC1 has no document id list !
2022-09-29 14:07:28,351 [WARN] DbBoards:127 - board STM32H753I-EVAL2 has no document id list !
2022-09-29 14:07:28,351 [WARN] DbBoards:127 - board STM32L-DISCOVERY has no document id list !
2022-09-29 14:07:28,513 [ERROR] DbBoards:189 - Image file not found for board B-U585I-IOT02A: V:\E-learning\MCU\lab\Stm32cubeide\STM32CubeIDE_1.7.0\STM32CubeIDE\plugins\com.st.stm32cube.common.mx_6.3.0.202107141111\\db\/plugins/mcufinder/images/boards/B-U585I-IOT02A_small.jpg
2022-09-29 14:07:28,646 [ERROR] DbBoards:189 - Image file not found for board NUCLEO-F413ZH: V:\E-learning\MCU\lab\Stm32cubeide\STM32CubeIDE_1.7.0\STM32CubeIDE\plugins\com.st.stm32cube.common.mx_6.3.0.202107141111\\db\/plugins/mcufinder/images/boards/nucleo-f413zh_small.jpg
2022-09-29 14:07:28,843 [ERROR] DbBoards:189 - Image file not found for board NUCLEO-L552ZE-Q: V:\E-learning\MCU\lab\Stm32cubeide\STM32CubeIDE_1.7.0\STM32CubeIDE\plugins\com.st.stm32cube.common.mx_6.3.0.202107141111\\db\/plugins/mcufinder/images/boards/nucleo_l552ze_q_small.jpg
2022-09-29 14:07:28,843 [ERROR] DbBoards:189 - Image file not found for board NUCLEO-U575ZI-Q: V:\E-learning\MCU\lab\Stm32cubeide\STM32CubeIDE_1.7.0\STM32CubeIDE\plugins\com.st.stm32cube.common.mx_6.3.0.202107141111\\db\/plugins/mcufinder/images/boards/nucleo-u575zi-q_small.jpg
2022-09-29 14:07:28,843 [ERROR] DbBoards:189 - Image file not found for board NUCLEO-WB15CC: V:\E-learning\MCU\lab\Stm32cubeide\STM32CubeIDE_1.7.0\STM32CubeIDE\plugins\com.st.stm32cube.common.mx_6.3.0.202107141111\\db\/plugins/mcufinder/images/boards/nucleo-wb15cc_small.jpg
2022-09-29 14:07:28,843 [ERROR] DbBoards:189 - Image file not found for board NUCLEO-WB55RG: V:\E-learning\MCU\lab\Stm32cubeide\STM32CubeIDE_1.7.0\STM32CubeIDE\plugins\com.st.stm32cube.common.mx_6.3.0.202107141111\\db\/plugins/mcufinder/images/boards/nucleo-wb55rg_small.jpg
2022-09-29 14:07:30,339 [INFO] ApiDb:251 - Load user favorites file C:\Users\PC/.stm32cubeide/favorites.boards.txt: 0 item(s)
2022-09-29 14:07:30,339 [INFO] ApiDb:255 - User favorites Boards=[]
2022-09-29 14:07:30,339 [INFO] DbBoards:206 - Set 0 / 0 favorites Boards
2022-09-29 14:07:30,342 [INFO] DbBoardsDocs:79 - Found 418 boards documents
2022-09-29 14:07:30,343 [INFO] ApiDb:276 - Save user favorites file C:\Users\PC/.stm32cubeide/favorites.boards.txt: 0 item(s)
2022-09-29 14:07:30,343 [INFO] ApiDb:280 - User favorites Boards=[]
2022-09-29 14:07:30,346 [INFO] DbBoardsPdsc:90 - Found 25 items
2022-09-29 14:07:30,347 [INFO] DbBoardsPdsc:90 - Found 9 items
2022-09-29 14:07:30,350 [INFO] DbBoardsPdsc:90 - Found 33 items
2022-09-29 14:07:30,350 [INFO] DbBoardsPdsc:90 - Found 1 items
2022-09-29 14:07:30,355 [INFO] DbBoardsPdsc:90 - Found 48 items
2022-09-29 14:07:30,361 [INFO] DbBoardsPdsc:90 - Found 43 items
2022-09-29 14:07:30,362 [INFO] DbBoardsPdsc:90 - Found 2 items
2022-09-29 14:07:30,363 [INFO] DbBoardsPdsc:90 - Found 5 items
2022-09-29 14:07:30,364 [WARN] DbBoardsPdsc:254 - Board STM32H7B3I-DK: unknown feature type=Audio, name=, username=Audio stereo codec with Headphone Amp (CS42L51-CNZ), n=1
2022-09-29 14:07:30,365 [WARN] DbBoardsPdsc:254 - Board STM32H735G-DK: unknown feature type=Audio, name=, username=Audio stereo codec with Headphone Amp (WM8994ECS/R), n=1
2022-09-29 14:07:30,366 [WARN] DbBoardsPdsc:254 - Board STM32H7B3I-EVAL: unknown feature type=Audio, name=, username=Multi-Channel Audio Codec (CS42L51-CNZ), n=1
2022-09-29 14:07:30,366 [WARN] DbBoardsPdsc:254 - Board STM32H7B3I-EVAL: unknown feature type=Meter, name=, username=Power-metering and Temperature-monitoring with sigma-delta modulators, n=1
2022-09-29 14:07:30,366 [WARN] DbBoardsPdsc:254 - Board STM32H7B3I-EVAL: unknown feature type=Motor, name=, username=Motor Control, n=1
2022-09-29 14:07:30,367 [WARN] DbBoardsPdsc:254 - Board STM32U575I-EV: unknown feature type=joystick, name=, username=4-direction joystick with selection button, n=1
2022-09-29 14:07:30,383 [INFO] DbBoardsJson:86 - JSON generation date=Tue Nov 16 23:17:54 ICT 2021 (1637079474)
2022-09-29 14:07:30,387 [INFO] DbBoards:117 - Found 167 boards (163 are supported by CubeMX)
2022-09-29 14:07:30,387 [WARN] DbBoards:127 - board B-L475E-IOT01A2 has no document id list !
2022-09-29 14:07:30,388 [WARN] DbBoards:127 - board NUCLEO-H743ZI has no document id list !
2022-09-29 14:07:30,388 [WARN] DbBoards:127 - board NUCLEO-WL55JC2 has no document id list !
2022-09-29 14:07:30,389 [WARN] DbBoards:127 - board P-NUCLEO-WB55-Nucleo has no document id list !
2022-09-29 14:07:30,389 [WARN] DbBoards:127 - board P-NUCLEO-WB55-USBDongle has no document id list !
2022-09-29 14:07:30,389 [WARN] DbBoards:127 - board STEVAL-BFA001V1B has no document id list !
2022-09-29 14:07:30,389 [WARN] DbBoards:127 - board STEVAL-BFA001V2B has no document id list !
2022-09-29 14:07:30,389 [WARN] DbBoards:127 - board STEVAL-IDP005V1 has no document id list !
2022-09-29 14:07:30,389 [WARN] DbBoards:127 - board STEVAL-IDP005V2 has no document id list !
2022-09-29 14:07:30,389 [WARN] DbBoards:127 - board STEVAL-MKSBOX1V1 has no document id list !
2022-09-29 14:07:30,389 [WARN] DbBoards:127 - board STEVAL-STWINKT1 has no document id list !
2022-09-29 14:07:30,389 [WARN] DbBoards:127 - board STEVAL-STWINKT1B has no document id list !
2022-09-29 14:07:30,389 [WARN] DbBoards:127 - board STM32439I-EVAL2 has no document id list !
2022-09-29 14:07:30,389 [WARN] DbBoards:127 - board STM32F401C-DISCO has no document id list !
2022-09-29 14:07:30,389 [WARN] DbBoards:127 - board STM32F769I-DISC1 has no document id list !
2022-09-29 14:07:30,389 [WARN] DbBoards:127 - board STM32G474E-EVAL1 has no document id list !
2022-09-29 14:07:30,389 [WARN] DbBoards:127 - board STM32H743I-EVAL2 has no document id list !
2022-09-29 14:07:30,390 [WARN] DbBoards:127 - board STM32H747I-DISC1 has no document id list !
2022-09-29 14:07:30,390 [WARN] DbBoards:127 - board STM32H753I-EVAL2 has no document id list !
2022-09-29 14:07:30,390 [WARN] DbBoards:127 - board STM32L-DISCOVERY has no document id list !
2022-09-29 14:07:30,473 [ERROR] DbBoards:189 - Image file not found for board B-U585I-IOT02A: V:\E-learning\MCU\lab\Stm32cubeide\STM32CubeIDE_1.7.0\STM32CubeIDE\plugins\com.st.stm32cube.common.mx_6.3.0.202107141111\\db\/plugins/mcufinder/images/boards/B-U585I-IOT02A_small.jpg
2022-09-29 14:07:30,559 [ERROR] DbBoards:189 - Image file not found for board NUCLEO-F413ZH: V:\E-learning\MCU\lab\Stm32cubeide\STM32CubeIDE_1.7.0\STM32CubeIDE\plugins\com.st.stm32cube.common.mx_6.3.0.202107141111\\db\/plugins/mcufinder/images/boards/nucleo-f413zh_small.jpg
2022-09-29 14:07:30,748 [ERROR] DbBoards:189 - Image file not found for board NUCLEO-L552ZE-Q: V:\E-learning\MCU\lab\Stm32cubeide\STM32CubeIDE_1.7.0\STM32CubeIDE\plugins\com.st.stm32cube.common.mx_6.3.0.202107141111\\db\/plugins/mcufinder/images/boards/nucleo_l552ze_q_small.jpg
2022-09-29 14:07:30,749 [ERROR] DbBoards:189 - Image file not found for board NUCLEO-U575ZI-Q: V:\E-learning\MCU\lab\Stm32cubeide\STM32CubeIDE_1.7.0\STM32CubeIDE\plugins\com.st.stm32cube.common.mx_6.3.0.202107141111\\db\/plugins/mcufinder/images/boards/nucleo-u575zi-q_small.jpg
2022-09-29 14:07:30,749 [ERROR] DbBoards:189 - Image file not found for board NUCLEO-WB15CC: V:\E-learning\MCU\lab\Stm32cubeide\STM32CubeIDE_1.7.0\STM32CubeIDE\plugins\com.st.stm32cube.common.mx_6.3.0.202107141111\\db\/plugins/mcufinder/images/boards/nucleo-wb15cc_small.jpg
2022-09-29 14:07:30,749 [ERROR] DbBoards:189 - Image file not found for board NUCLEO-WB55RG: V:\E-learning\MCU\lab\Stm32cubeide\STM32CubeIDE_1.7.0\STM32CubeIDE\plugins\com.st.stm32cube.common.mx_6.3.0.202107141111\\db\/plugins/mcufinder/images/boards/nucleo-wb55rg_small.jpg
2022-09-29 14:07:31,545 [INFO] ApiDb:251 - Load user favorites file C:\Users\PC/.stm32cubeide/favorites.boards.txt: 0 item(s)
2022-09-29 14:07:31,545 [INFO] ApiDb:255 - User favorites Boards=[]
2022-09-29 14:07:31,545 [INFO] DbBoards:206 - Set 0 / 0 favorites Boards
2022-09-29 14:07:31,560 [INFO] LoadUrlFilesThread:172 - End of LoadServerUrlFiles without Thread
2022-09-29 14:07:31,560 [INFO] TargetSelectorAdapter:224 - Refresh data is successful
2022-09-29 14:07:31,647 [INFO] ApiDb:479 - Connected to CubeFinder SQLite database (C:\Users\PC\.stmcufinder\plugins\mcufinder\mcu\cube-finder-db.db)
2022-09-29 14:07:32,349 [INFO] DbExamplesSqlite:411 - Ignored 31 examples not supported by CubeIDE
2022-09-29 14:07:32,349 [INFO] DbExamplesSqlite:412 - Found 6197 examples active
2022-09-29 14:07:32,349 [INFO] DbExamplesSqlite:413 - Found 89 examples obsolete
2022-09-29 14:07:32,350 [INFO] DbExamplesSqlite:414 - Found 0 examples under development
2022-09-29 14:07:32,350 [INFO] DbExamplesSqlite:415 - Found 76 examples not building
2022-09-29 14:07:32,374 [INFO] DbExamplesSqlite:108 - CubeFinder database Data Model version=2.1
2022-09-29 14:07:32,375 [INFO] DbExamplesSqlite:109 - CubeFinder database Configuration version=3.0.32
2022-09-29 14:07:32,375 [INFO] DbExamplesSqlite:110 - CubeFinder database generation date=2022-08-05 (1659688109)
2022-09-29 14:07:32,375 [INFO] DbExamplesSqlite:111 - CubeFinder database FW Pack versions=[STM32Cube_FW_C0_V1.0.0, STM32Cube_FW_F4_V1.27.1, STM32Cube_FW_F7_V1.17.0, STM32Cube_FW_G0_V1.6.1, STM32Cube_FW_G4_V1.5.0, STM32Cube_FW_H7_V1.10.0, STM32Cube_FW_L5_V1.4.0, STM32Cube_FW_U5_V1.1.1, STM32Cube_FW_WB_V1.14.1, STM32Cube_FW_WL_V1.2.0, X-CUBE-ALGOBUILD_V1.3.0, X-CUBE-ALS_V1.0.1, X-CUBE-AZRTOS-F4_V1.1.0, X-CUBE-AZRTOS-F7_V1.1.0, X-CUBE-AZRTOS-G0_V1.1.0, X-CUBE-AZRTOS-G4_V1.0.0, X-CUBE-AZRTOS-H7_V2.1.0, X-CUBE-AZRTOS-L4_V1.0.0, X-CUBE-AZRTOS-L5_V1.0.0, X-CUBE-AZRTOS-WL_V1.0.0, X-CUBE-BLE1_V6.2.3, X-CUBE-BLE2_V3.3.0, X-CUBE-EEPRMA1_V3.1.1, X-CUBE-GNSS1_V6.0.0, X-CUBE-MEMS1_V9.1.0, X-CUBE-MEMS1_V9.3.0, X-CUBE-NFC4_V2.0.4, X-CUBE-NFC7_V1.0.0, X-CUBE-SFXS2LP1_V4.0.0, X-CUBE-SUBG2_V5.0.0]
2022-09-29 14:07:32,376 [INFO] DbExamples:130 - Found 6242 examples
2022-09-29 14:07:33,036 [ERROR] DbExamples:206 - Found 6242 examples with invalid data (board or MCU)
2022-09-29 14:07:33,037 [INFO] DbExamples:222 - Found 74 boards with related examples
2022-09-29 14:07:33,037 [INFO] DbExamples:235 - Found 0 MCUs with related examples
2022-09-29 14:07:33,056 [INFO] ApiDb:242 - User favorites file not found: C:\Users\PC/.stm32cubeide/favorites.examples.txt
2022-09-29 14:07:33,056 [INFO] DbExamples:256 - Set 0 / 0 favorites Examples
2022-09-29 14:07:33,342 [INFO] McuFinderGlobals:52 - Set McuFinderConnectedMode to false
2022-09-29 14:07:33,410 [INFO] CrossSelectorPresenter:1330 - Cross Selector saved comparison directory: C:\Users\PC\.stmcufinder\plugins\mcufinder\mcu\cs_comparisons_mx
2022-09-29 14:07:33,415 [INFO] MultiScanPanel:197 - Auto-refresh data requested => check proxy status ongoing
2022-09-29 14:07:33,415 [INFO] MultiScanPanel:201 - Proxy status is invalid
2022-09-29 14:07:33,419 [INFO] FinderPluginLoader:87 - Searching for filters in installed packs
2022-09-29 14:07:33,821 [INFO] DetailPanel:309 - Set advertising image to C:/Users/PC/STM32Cube/Repository/\en.Prom_NBSTM32U50921.jpg
2022-09-29 14:09:26,861 [INFO] MainUpdater:2671 - connection check result : 10
2022-09-29 14:09:26,862 [INFO] MainUpdater:2671 - connection check result : 10
2022-09-29 14:09:26,909 [INFO] MicroXplorer:448 - Change Database Path : 
2022-09-29 14:09:26,909 [INFO] MicroXplorer:478 - Change Database Version : DB.6.0.30
2022-09-29 14:09:26,910 [WARN] ThirdParty:813 - waiting for thirdparty lock release [close project]
2022-09-29 14:09:26,910 [INFO] ThirdParty:815 - entering critical section [close project]
2022-09-29 14:09:26,910 [INFO] ThirdParty:825 - exiting critical section [close project]
2022-09-29 14:09:26,914 [INFO] PinOutPanel:1463 - setPackage(No Configuration,No Configuration)
2022-09-29 14:09:26,914 [INFO] UtilMem:74 - Begin LoadConfig() Used Memory: 761599280 Bytes (991952896)
2022-09-29 14:09:26,915 [INFO] MicroXplorer:448 - Change Database Path : 
2022-09-29 14:09:26,915 [INFO] MicroXplorer:478 - Change Database Version : DB.6.0.30
2022-09-29 14:09:26,916 [INFO] OpenFileManager:313 - Change cursor
2022-09-29 14:09:27,698 [INFO] Context:592 - Trying to add GPIOservice into a context  which must be forbidden
2022-09-29 14:09:27,902 [INFO] ImportTextPane:167 - (OptionalMessage_ERROR) Unable to find key (Mcu.ThirdPartyNb) in loaded IOC file
2022-09-29 14:09:27,902 [INFO] ImportTextPane:167 - (OptionalMessage_ERROR) Unable to find key (Mcu.PinsNb) in loaded IOC file
2022-09-29 14:09:27,902 [INFO] ImportTextPane:167 - (OptionalMessage_ERROR) Unable to find key (Mcu.IPNb) in loaded IOC file
2022-09-29 14:09:27,942 [WARN] ApiManager:304 - Cannot register API 'Board Extension:GNSS1A1' from pack STMicroelectronics.X-CUBE-GNSS1.6.0.0: no header file found
2022-09-29 14:09:27,942 [WARN] ApiManager:304 - Cannot register API 'Board Support:Custom' from pack STMicroelectronics.X-CUBE-GNSS1.6.0.0: no header file found
2022-09-29 14:09:27,942 [WARN] ApiManager:304 - Cannot register API 'Data Exchange:lib_gnss' from pack STMicroelectronics.X-CUBE-GNSS1.6.0.0: no header file found
2022-09-29 14:09:27,958 [WARN] ModelIntegratedComponent:60 - No mode defined for component null
2022-09-29 14:09:27,958 [WARN] ModelIntegratedComponent:60 - No mode defined for component null
2022-09-29 14:09:27,958 [WARN] ModelIntegratedComponent:60 - No mode defined for component null
2022-09-29 14:09:27,958 [WARN] ModelIntegratedComponent:60 - No mode defined for component null
2022-09-29 14:09:27,958 [WARN] ModelIntegratedComponent:60 - No mode defined for component null
2022-09-29 14:09:27,958 [WARN] ModelIntegratedComponent:60 - No mode defined for component null
2022-09-29 14:09:27,959 [WARN] ModelIntegratedComponent:60 - No mode defined for component null
2022-09-29 14:09:27,959 [WARN] ModelIntegratedComponent:60 - No mode defined for component null
2022-09-29 14:09:27,959 [WARN] ModelIntegratedComponent:60 - No mode defined for component null
2022-09-29 14:09:27,959 [WARN] ModelIntegratedComponent:60 - No mode defined for component null
2022-09-29 14:09:27,959 [WARN] ModelIntegratedComponent:60 - No mode defined for component null
2022-09-29 14:09:27,959 [WARN] ModelIntegratedComponent:60 - No mode defined for component null
2022-09-29 14:09:27,959 [WARN] ModelIntegratedComponent:60 - No mode defined for component null
2022-09-29 14:09:27,959 [WARN] ModelIntegratedComponent:60 - No mode defined for component null
2022-09-29 14:09:27,959 [WARN] ModelIntegratedComponent:60 - No mode defined for component null
2022-09-29 14:09:27,960 [WARN] ModelIntegratedComponent:60 - No mode defined for component null
2022-09-29 14:09:27,960 [WARN] ModelIntegratedComponent:60 - No mode defined for component null
2022-09-29 14:09:27,960 [WARN] ModelIntegratedComponent:60 - No mode defined for component null
2022-09-29 14:09:27,960 [WARN] ModelIntegratedComponent:60 - No mode defined for component null
2022-09-29 14:09:27,960 [WARN] ModelIntegratedComponent:60 - No mode defined for component null
2022-09-29 14:09:27,960 [WARN] ModelIntegratedComponent:60 - No mode defined for component null
2022-09-29 14:09:27,960 [WARN] ModelIntegratedComponent:60 - No mode defined for component null
2022-09-29 14:09:27,961 [WARN] ModelIntegratedComponent:60 - No mode defined for component null
2022-09-29 14:09:27,961 [WARN] ModelIntegratedComponent:60 - No mode defined for component null
2022-09-29 14:09:27,961 [WARN] ModelIntegratedComponent:60 - No mode defined for component null
2022-09-29 14:09:27,961 [WARN] ModelIntegratedComponent:60 - No mode defined for component null
2022-09-29 14:09:27,961 [WARN] ModelIntegratedComponent:60 - No mode defined for component null
2022-09-29 14:09:27,962 [WARN] ModelIntegratedComponent:60 - No mode defined for component null
2022-09-29 14:09:27,962 [WARN] ModelIntegratedComponent:60 - No mode defined for component null
2022-09-29 14:09:27,962 [WARN] ModelIntegratedComponent:60 - No mode defined for component null
2022-09-29 14:09:27,962 [WARN] ModelIntegratedComponent:60 - No mode defined for component null
2022-09-29 14:09:27,966 [WARN] ApiManager:304 - Cannot register API 'Board Extension:NFC07A1' from pack STMicroelectronics.X-CUBE-NFC7.1.0.0: no header file found
2022-09-29 14:09:28,235 [WARN] ApiManager:304 - Cannot register API 'Board Extension:IKS01A3' from pack STMicroelectronics.X-CUBE-MEMS1.9.3.0: no header file found
2022-09-29 14:09:28,235 [WARN] ApiManager:304 - Cannot register API 'Board Extension:IKS01A2' from pack STMicroelectronics.X-CUBE-MEMS1.9.3.0: no header file found
2022-09-29 14:09:28,235 [WARN] ApiManager:304 - Cannot register API 'Board Extension:IKS02A1' from pack STMicroelectronics.X-CUBE-MEMS1.9.3.0: no header file found
2022-09-29 14:09:28,245 [WARN] ApiManager:304 - Cannot register API 'Wireless:BlueNRG-MS' from pack STMicroelectronics.X-CUBE-BLE1.6.2.3: no header file found
2022-09-29 14:09:28,247 [INFO] RtosManager:484 - Registered RTOS mode: class=CMSIS, group=RTOS, mode=CMSIS_V1, owner=FREERTOS
2022-09-29 14:09:28,247 [INFO] RtosManager:484 - Registered RTOS mode: class=CMSIS, group=RTOS2, mode=CMSIS_V2, owner=FREERTOS
2022-09-29 14:09:28,247 [INFO] RtosManager:484 - Registered RTOS mode: class=RTOS, group=Core, mode=CMSIS_V1, owner=FREERTOS
2022-09-29 14:09:28,247 [INFO] RtosManager:484 - Registered RTOS mode: class=RTOS, group=Core, mode=CMSIS_V2, owner=FREERTOS
2022-09-29 14:09:28,247 [WARN] ModelIntegratedComponent:181 - Missing modes for component STMicroelectronics:FreeRTOS:0.0.1:STMicroelectronics:RTOS:FreeRTOS:Core:::10.2.0:
2022-09-29 14:09:28,251 [WARN] ApiManager:304 - Cannot register API 'Board Extension:S2868A1' from pack STMicroelectronics.X-CUBE-SUBG2.5.0.0: no header file found
2022-09-29 14:09:28,251 [WARN] ApiManager:304 - Cannot register API 'Board Extension:S2868A2' from pack STMicroelectronics.X-CUBE-SUBG2.5.0.0: no header file found
2022-09-29 14:09:28,251 [WARN] ApiManager:304 - Cannot register API 'Board Extension:S2915A1' from pack STMicroelectronics.X-CUBE-SUBG2.5.0.0: no header file found
2022-09-29 14:09:28,256 [WARN] ApiManager:304 - Cannot register API 'Board Extension:EEPRMA1' from pack STMicroelectronics.X-CUBE-EEPRMA1.3.1.1: no header file found
2022-09-29 14:09:28,256 [WARN] ApiManager:304 - Cannot register API 'Board Extension:EEPRMA2' from pack STMicroelectronics.X-CUBE-EEPRMA1.3.1.1: no header file found
2022-09-29 14:09:28,258 [WARN] ApiManager:304 - Cannot register API 'Board Extension:S2868A1' from pack STMicroelectronics.X-CUBE-SFXS2LP1.4.0.0: no header file found
2022-09-29 14:09:28,258 [WARN] ApiManager:304 - Cannot register API 'Board Extension:S2868A2' from pack STMicroelectronics.X-CUBE-SFXS2LP1.4.0.0: no header file found
2022-09-29 14:09:28,258 [WARN] ApiManager:304 - Cannot register API 'Board Extension:S2915A1' from pack STMicroelectronics.X-CUBE-SFXS2LP1.4.0.0: no header file found
2022-09-29 14:09:28,259 [WARN] ApiManager:304 - Cannot register API 'Wireless:BlueNRG-2' from pack STMicroelectronics.X-CUBE-BLE2.3.3.0: no header file found
2022-09-29 14:09:28,259 [WARN] ApiManager:304 - Cannot register API 'Board Extension:NFC04A1' from pack STMicroelectronics.X-CUBE-NFC4.2.0.4: no header file found
2022-09-29 14:09:29,696 [INFO] UtilMem:74 - End LoadConfig() Used Memory: 743490968 Bytes (991952896)
2022-09-29 14:09:29,702 [WARN] ThirdParty:779 - waiting for thirdparty lock release [change project]
2022-09-29 14:09:29,702 [INFO] ThirdParty:781 - entering critical section [change project]
2022-09-29 14:09:29,702 [INFO] ThirdParty:967 - CMSIS Pack Vendor :RoweBots I-CUBE-UNISONRTOS 5.5.0-4
2022-09-29 14:09:29,702 [INFO] ThirdParty:967 - CMSIS Pack Vendor :STMicroelectronics X-CUBE-GNSS1 6.0.0
2022-09-29 14:09:29,702 [INFO] ThirdParty:967 - CMSIS Pack Vendor :STMicroelectronics X-CUBE-AZRTOS-H7 2.1.0
2022-09-29 14:09:29,702 [INFO] ThirdParty:967 - CMSIS Pack Vendor :STMicroelectronics USB_HOST 2.0.0
2022-09-29 14:09:29,702 [INFO] ThirdParty:967 - CMSIS Pack Vendor :STMicroelectronics X-CUBE-AZRTOS-F4 1.1.0
2022-09-29 14:09:29,702 [INFO] ThirdParty:967 - CMSIS Pack Vendor :STMicroelectronics X-CUBE-AZRTOS-G4 1.0.0
2022-09-29 14:09:29,702 [INFO] ThirdParty:967 - CMSIS Pack Vendor :STMicroelectronics X-CUBE-AZRTOS-L4 1.0.0
2022-09-29 14:09:29,702 [INFO] ThirdParty:967 - CMSIS Pack Vendor :STMicroelectronics USB_DEVICE 3.0.0
2022-09-29 14:09:29,704 [INFO] ThirdParty:967 - CMSIS Pack Vendor :wolfSSL I-CUBE-wolfSSL 5.5.0
2022-09-29 14:09:29,704 [INFO] ThirdParty:967 - CMSIS Pack Vendor :STMicroelectronics HAL Drivers 0.0.0
2022-09-29 14:09:29,704 [INFO] ThirdParty:967 - CMSIS Pack Vendor :STMicroelectronics MBEDTLS 2.16.2
2022-09-29 14:09:29,704 [INFO] ThirdParty:967 - CMSIS Pack Vendor :emotas I-CUBE-CANOPEN 1.1.2
2022-09-29 14:09:29,704 [INFO] ThirdParty:967 - CMSIS Pack Vendor :STMicroelectronics X-CUBE-TOUCHGFX 4.20.0
2022-09-29 14:09:29,704 [INFO] ThirdParty:967 - CMSIS Pack Vendor :STMicroelectronics MBEDTLS 2.14.1
2022-09-29 14:09:29,704 [INFO] ThirdParty:967 - CMSIS Pack Vendor :STMicroelectronics X-CUBE-NFC7 1.0.0
2022-09-29 14:09:29,704 [INFO] ThirdParty:967 - CMSIS Pack Vendor :STMicroelectronics X-CUBE-BLEMGR 1.0.0
2022-09-29 14:09:29,704 [INFO] ThirdParty:967 - CMSIS Pack Vendor :STMicroelectronics X-CUBE-AZRTOS-WL 1.0.0
2022-09-29 14:09:29,704 [INFO] ThirdParty:967 - CMSIS Pack Vendor :STMicroelectronics X-CUBE-AZRTOS-F7 1.1.0
2022-09-29 14:09:29,704 [INFO] ThirdParty:967 - CMSIS Pack Vendor :STMicroelectronics X-CUBE-MEMS1 9.3.0
2022-09-29 14:09:29,704 [INFO] ThirdParty:967 - CMSIS Pack Vendor :portGmbH I-Cube-SoM-uGOAL 1.1.0
2022-09-29 14:09:29,704 [INFO] ThirdParty:967 - CMSIS Pack Vendor :STMicroelectronics X-CUBE-ALS 1.0.1
2022-09-29 14:09:29,704 [INFO] ThirdParty:967 - CMSIS Pack Vendor :STMicroelectronics USB_DEVICE 2.0.0
2022-09-29 14:09:29,704 [INFO] ThirdParty:967 - CMSIS Pack Vendor :STMicroelectronics X-CUBE-AI 7.2.0
2022-09-29 14:09:29,704 [INFO] ThirdParty:967 - CMSIS Pack Vendor :STMicroelectronics X-CUBE-BLE1 6.2.3
2022-09-29 14:09:29,704 [INFO] ThirdParty:967 - CMSIS Pack Vendor :STMicroelectronics X-CUBE-ALGOBUILD 1.3.0
2022-09-29 14:09:29,705 [INFO] ThirdParty:967 - CMSIS Pack Vendor :STMicroelectronics X-CUBE-AZRTOS-L5 1.0.0
2022-09-29 14:09:29,705 [INFO] ThirdParty:967 - CMSIS Pack Vendor :STMicroelectronics FreeRTOS 0.0.1
2022-09-29 14:09:29,705 [INFO] ThirdParty:967 - CMSIS Pack Vendor :STMicroelectronics X-CUBE-AZRTOS-G0 1.1.0
2022-09-29 14:09:29,705 [INFO] ThirdParty:967 - CMSIS Pack Vendor :STMicroelectronics USB_DEVICE 1.0.0
2022-09-29 14:09:29,705 [INFO] ThirdParty:967 - CMSIS Pack Vendor :STMicroelectronics X-CUBE-SUBG2 5.0.0
2022-09-29 14:09:29,705 [INFO] ThirdParty:967 - CMSIS Pack Vendor :SEGGER I-CUBE-embOS 1.2.0
2022-09-29 14:09:29,705 [INFO] ThirdParty:967 - CMSIS Pack Vendor :STMicroelectronics X-CUBE-EEPRMA1 3.1.1
2022-09-29 14:09:29,705 [INFO] ThirdParty:967 - CMSIS Pack Vendor :STMicroelectronics ThreadX 0.0.2
2022-09-29 14:09:29,705 [INFO] ThirdParty:967 - CMSIS Pack Vendor :STMicroelectronics lwIP 2.0.3
2022-09-29 14:09:29,705 [INFO] ThirdParty:967 - CMSIS Pack Vendor :STMicroelectronics lwIP 2.1.2
2022-09-29 14:09:29,705 [INFO] ThirdParty:967 - CMSIS Pack Vendor :STMicroelectronics X-CUBE-SFXS2LP1 4.0.0
2022-09-29 14:09:29,705 [INFO] ThirdParty:967 - CMSIS Pack Vendor :STMicroelectronics X-CUBE-BLE2 3.3.0
2022-09-29 14:09:29,705 [INFO] ThirdParty:967 - CMSIS Pack Vendor :STMicroelectronics X-CUBE-NFC4 2.0.4
2022-09-29 14:09:29,705 [INFO] ThirdParty:967 - CMSIS Pack Vendor :STMicroelectronics USB_HOST 1.0.0
2022-09-29 14:09:29,705 [INFO] ThirdParty:967 - CMSIS Pack Vendor :STMicroelectronics X-CUBE-DISPLAY 2.2.0
2022-09-29 14:09:29,705 [INFO] ThirdParty:967 - CMSIS Pack Vendor :STMicroelectronics PDM2PCM 3.1.0
2022-09-29 14:09:29,705 [INFO] ThirdParty:967 - CMSIS Pack Vendor :STMicroelectronics FP-ATR-ASTRA1 1.1.1
2022-09-29 14:09:29,706 [INFO] ThirdParty:967 - CMSIS Pack Vendor :STMicroelectronics PDM2PCM 3.2.0
2022-09-29 14:09:29,706 [INFO] ThirdParty:967 - CMSIS Pack Vendor :STMicroelectronics PDM2PCM 3.3.0
2022-09-29 14:09:29,706 [INFO] ThirdParty:967 - CMSIS Pack Vendor :STMicroelectronics X-CUBE-TOF1 3.1.0
2022-09-29 14:09:29,706 [INFO] ThirdParty:967 - CMSIS Pack Vendor :STMicroelectronics X-CUBE-ISPU 1.0.0
2022-09-29 14:09:29,706 [INFO] ThirdParty:787 - exiting critical section [change project]
2022-09-29 14:09:29,898 [INFO] PinOutPanel:1463 - setPackage(No Configuration,No Configuration)
2022-09-29 14:09:29,899 [INFO] PinOutPanel:1463 - setPackage(STM32F103C6Ux,UFQFPN48)
2022-09-29 14:09:30,225 [INFO] UtilMem:74 - Before build in PCC Used Memory: 656886408 Bytes (991952896)
2022-09-29 14:09:30,876 [INFO] UtilMem:74 - After build in PCC Used Memory: 735535776 Bytes (991952896)
2022-09-29 14:09:30,894 [INFO] IPUIPlugin:74 - create IPUIPlugin
2022-09-29 14:09:30,894 [INFO] IPUIPlugin:74 - create IPUIPlugin
2022-09-29 14:09:30,895 [INFO] IPUIPlugin:74 - create IPUIPlugin
2022-09-29 14:09:30,895 [INFO] IPUIPlugin:74 - create IPUIPlugin
2022-09-29 14:09:30,895 [INFO] IPUIPlugin:74 - create IPUIPlugin
2022-09-29 14:09:30,895 [INFO] IPUIPlugin:74 - create IPUIPlugin
2022-09-29 14:09:30,895 [INFO] IPUIPlugin:74 - create IPUIPlugin
2022-09-29 14:09:30,895 [INFO] IPUIPlugin:74 - create IPUIPlugin
2022-09-29 14:09:30,895 [INFO] IPUIPlugin:74 - create IPUIPlugin
2022-09-29 14:09:30,896 [INFO] IPUIPlugin:74 - create IPUIPlugin
2022-09-29 14:09:30,896 [INFO] IPUIPlugin:74 - create IPUIPlugin
2022-09-29 14:09:30,896 [INFO] IPUIPlugin:74 - create IPUIPlugin
2022-09-29 14:09:30,896 [INFO] IPUIPlugin:74 - create IPUIPlugin
2022-09-29 14:09:30,897 [INFO] IPUIPlugin:74 - create IPUIPlugin
2022-09-29 14:09:30,897 [INFO] IPUIPlugin:74 - create IPUIPlugin
2022-09-29 14:09:30,897 [INFO] IPUIPlugin:74 - create IPUIPlugin
2022-09-29 14:09:30,897 [INFO] IPUIPlugin:74 - create IPUIPlugin
2022-09-29 14:09:30,898 [INFO] IPUIPlugin:74 - create IPUIPlugin
2022-09-29 14:09:30,898 [INFO] IPUIPlugin:74 - create IPUIPlugin
2022-09-29 14:09:30,898 [INFO] IPUIPlugin:74 - create IPUIPlugin
2022-09-29 14:09:30,899 [INFO] IPUIPlugin:74 - create IPUIPlugin
2022-09-29 14:09:30,899 [INFO] IPUIPlugin:74 - create IPUIPlugin
2022-09-29 14:09:30,899 [INFO] IPUIPlugin:74 - create IPUIPlugin
2022-09-29 14:09:31,003 [INFO] OpenFileManager:333 - Restore cursor
2022-09-29 14:09:31,234 [INFO] UtilMem:74 - End SaveConfig() Used Memory: 800851672 Bytes (991952896)
2022-09-29 14:09:31,266 [INFO] UtilMem:74 - End SaveConfig() Used Memory: 813124232 Bytes (991952896)
2022-09-29 14:09:31,563 [INFO] BlockDiagram:2740 - set Specific Code input for plugin: NVIC
2022-09-29 14:09:31,563 [INFO] BlockDiagram:2740 - set Specific Code input for plugin: SYS
2022-09-29 14:09:31,563 [INFO] BlockDiagram:2740 - set Specific Code input for plugin: RCC
2022-09-29 14:09:31,564 [INFO] CodeGenerator:663 - code generatio: config db path: V:\E-learning\MCU\lab\Stm32cubeide\STM32CubeIDE_1.7.0\STM32CubeIDE\plugins\com.st.stm32cube.common.mx_6.3.0.202107141111\\db\
2022-09-29 14:09:31,906 [INFO] CodeEngine:239 - oldGeneratedFile, V:\E-learning\MCU\lab\Lab2\Lab2_Timer_Interrupt\MXTmpFiles\license.tmp_save
2022-09-29 14:09:32,197 [INFO] CodeEngine:257 - Generated code: V:\E-learning\MCU\lab\Lab2\Lab2_Timer_Interrupt\MXTmpFiles\license.tmp
2022-09-29 14:09:32,301 [INFO] CodeEngine:239 - oldGeneratedFile, V:\E-learning\MCU\lab\Lab2\Lab2_Timer_Interrupt\Core\Src\stm32f1xx_it.c_save
2022-09-29 14:09:32,435 [INFO] CodeEngine:257 - Generated code: V:\E-learning\MCU\lab\Lab2\Lab2_Timer_Interrupt\Core\Src\stm32f1xx_it.c
2022-09-29 14:09:32,443 [INFO] CodeEngine:239 - oldGeneratedFile, V:\E-learning\MCU\lab\Lab2\Lab2_Timer_Interrupt\Core\Inc\stm32f1xx_it.h_save
2022-09-29 14:09:32,499 [INFO] CodeEngine:257 - Generated code: V:\E-learning\MCU\lab\Lab2\Lab2_Timer_Interrupt\Core\Inc\stm32f1xx_it.h
2022-09-29 14:09:32,513 [INFO] CodeEngine:239 - oldGeneratedFile, V:\E-learning\MCU\lab\Lab2\Lab2_Timer_Interrupt\Core\Src\stm32f1xx_hal_msp.c_save
2022-09-29 14:09:32,607 [INFO] CodeEngine:257 - Generated code: V:\E-learning\MCU\lab\Lab2\Lab2_Timer_Interrupt\Core\Src\stm32f1xx_hal_msp.c
2022-09-29 14:09:32,614 [INFO] CodeEngine:239 - oldGeneratedFile, V:\E-learning\MCU\lab\Lab2\Lab2_Timer_Interrupt\MXTmpFiles\system.tmp_save
2022-09-29 14:09:32,677 [INFO] CodeEngine:257 - Generated code: V:\E-learning\MCU\lab\Lab2\Lab2_Timer_Interrupt\MXTmpFiles\system.tmp
2022-09-29 14:09:32,688 [INFO] CodeEngine:239 - oldGeneratedFile, V:\E-learning\MCU\lab\Lab2\Lab2_Timer_Interrupt\Core\Inc\stm32f1xx_hal_conf.h_save
2022-09-29 14:09:32,759 [INFO] CodeEngine:257 - Generated code: V:\E-learning\MCU\lab\Lab2\Lab2_Timer_Interrupt\Core\Inc\stm32f1xx_hal_conf.h
2022-09-29 14:09:32,800 [INFO] CodeEngine:239 - oldGeneratedFile, V:\E-learning\MCU\lab\Lab2\Lab2_Timer_Interrupt\Core\Inc\main.h_save
2022-09-29 14:09:32,869 [INFO] CodeEngine:257 - Generated code: V:\E-learning\MCU\lab\Lab2\Lab2_Timer_Interrupt\Core\Inc\main.h
2022-09-29 14:09:32,876 [INFO] CodeEngine:239 - oldGeneratedFile, V:\E-learning\MCU\lab\Lab2\Lab2_Timer_Interrupt\Core\Src\main.c_save
2022-09-29 14:09:32,985 [INFO] CodeEngine:257 - Generated code: V:\E-learning\MCU\lab\Lab2\Lab2_Timer_Interrupt\Core\Src\main.c
2022-09-29 14:09:33,966 [INFO] ProjectBuilder:2578 - Time for Copy HAL[1] : 258mS.
2022-09-29 14:09:33,972 [INFO] ProjectBuilder:3622 - Project Generator version: 3.14.1
2022-09-29 14:09:34,444 [INFO] ConfigFileManager:1271 - The Die is : DIE412
2022-09-29 14:09:34,472 [INFO] ApiDbMcu:468 - Load IP Config File for FATFS
2022-09-29 14:09:34,515 [INFO] ApiDbMcu:468 - Load IP Config File for FREERTOS
2022-09-29 14:09:34,546 [INFO] ApiDbMcu:468 - Load IP Config File for USB_DEVICE
2022-09-29 14:09:40,289 [INFO] ProjectBuilder:3789 - Time for Generating toolchain IDE Files: 6317mS.
2022-09-29 14:09:40,289 [INFO] ProjectBuilder:2457 - Time for Copy CMSIS : 0mS.
2022-09-29 14:09:40,290 [INFO] ProjectBuilder:2457 - Time for Copy CMSIS : 0mS.
2022-09-29 14:09:41,252 [INFO] McuFinderGlobals:52 - Set McuFinderConnectedMode to true
2022-09-29 14:09:41,254 [INFO] ApiDb:276 - Save user favorites file C:\Users\PC/.stm32cubeide/favorites.mcus.txt: 0 item(s)
2022-09-29 14:09:41,254 [INFO] ApiDb:280 - User favorites MCUs=[]
2022-09-29 14:14:38,313 [INFO] NvicIntPanel:96 - NVIC parent = com.st.microxplorer.plugins.ip.nvic.MultiNvicIntPanel[,0,0,0x0,invalid,layout=javax.swing.BoxLayout,alignmentX=0.0,alignmentY=0.0,border=,flags=9,maximumSize=,minimumSize=,preferredSize=]
2022-09-29 14:14:40,288 [INFO] NvicIntPanel:96 - NVIC parent = com.st.microxplorer.plugins.ip.nvic.MultiNvicIntPanel[,0,0,0x0,invalid,layout=javax.swing.BoxLayout,alignmentX=0.0,alignmentY=0.0,border=,flags=9,maximumSize=,minimumSize=,preferredSize=]
2022-09-29 14:16:23,331 [INFO] UtilMem:74 - End SaveConfig() Used Memory: 622825944 Bytes (1046478848)
2022-09-29 14:16:26,030 [INFO] UtilMem:74 - End SaveConfig() Used Memory: 651160184 Bytes (1046478848)
2022-09-29 14:16:29,543 [INFO] UtilMem:74 - End SaveConfig() Used Memory: 613707128 Bytes (1046478848)
2022-09-29 14:16:29,868 [INFO] BlockDiagram:2740 - set Specific Code input for plugin: NVIC
2022-09-29 14:16:29,869 [INFO] BlockDiagram:2740 - set Specific Code input for plugin: SYS
2022-09-29 14:16:29,869 [INFO] BlockDiagram:2740 - set Specific Code input for plugin: RCC
2022-09-29 14:16:29,869 [INFO] BlockDiagram:2740 - set Specific Code input for plugin: TIM1_8F1
2022-09-29 14:16:29,869 [INFO] CodeGenerator:663 - code generatio: config db path: V:\E-learning\MCU\lab\Stm32cubeide\STM32CubeIDE_1.7.0\STM32CubeIDE\plugins\com.st.stm32cube.common.mx_6.3.0.202107141111\\db\
2022-09-29 14:16:30,083 [INFO] CodeEngine:239 - oldGeneratedFile, V:\E-learning\MCU\lab\Lab2\Lab2_Timer_Interrupt\MXTmpFiles\license.tmp_save
2022-09-29 14:16:30,128 [INFO] CodeEngine:257 - Generated code: V:\E-learning\MCU\lab\Lab2\Lab2_Timer_Interrupt\MXTmpFiles\license.tmp
2022-09-29 14:16:30,245 [INFO] CodeEngine:239 - oldGeneratedFile, V:\E-learning\MCU\lab\Lab2\Lab2_Timer_Interrupt\Core\Src\stm32f1xx_it.c_save
2022-09-29 14:16:30,328 [INFO] CodeEngine:257 - Generated code: V:\E-learning\MCU\lab\Lab2\Lab2_Timer_Interrupt\Core\Src\stm32f1xx_it.c
2022-09-29 14:16:30,332 [INFO] CodeEngine:239 - oldGeneratedFile, V:\E-learning\MCU\lab\Lab2\Lab2_Timer_Interrupt\Core\Inc\stm32f1xx_it.h_save
2022-09-29 14:16:30,393 [INFO] CodeEngine:257 - Generated code: V:\E-learning\MCU\lab\Lab2\Lab2_Timer_Interrupt\Core\Inc\stm32f1xx_it.h
2022-09-29 14:16:30,405 [INFO] CodeEngine:239 - oldGeneratedFile, V:\E-learning\MCU\lab\Lab2\Lab2_Timer_Interrupt\Core\Src\stm32f1xx_hal_msp.c_save
2022-09-29 14:16:30,497 [INFO] CodeEngine:257 - Generated code: V:\E-learning\MCU\lab\Lab2\Lab2_Timer_Interrupt\Core\Src\stm32f1xx_hal_msp.c
2022-09-29 14:16:30,499 [INFO] CodeEngine:239 - oldGeneratedFile, V:\E-learning\MCU\lab\Lab2\Lab2_Timer_Interrupt\MXTmpFiles\system.tmp_save
2022-09-29 14:16:30,542 [INFO] CodeEngine:257 - Generated code: V:\E-learning\MCU\lab\Lab2\Lab2_Timer_Interrupt\MXTmpFiles\system.tmp
2022-09-29 14:16:30,552 [INFO] CodeEngine:239 - oldGeneratedFile, V:\E-learning\MCU\lab\Lab2\Lab2_Timer_Interrupt\Core\Inc\stm32f1xx_hal_conf.h_save
2022-09-29 14:16:30,624 [INFO] CodeEngine:257 - Generated code: V:\E-learning\MCU\lab\Lab2\Lab2_Timer_Interrupt\Core\Inc\stm32f1xx_hal_conf.h
2022-09-29 14:16:30,637 [WARN] IPConfigManager:3148 - IP not found : TIM
2022-09-29 14:16:30,637 [WARN] CodeGenerator:3268 - IP not found : null
2022-09-29 14:16:30,648 [INFO] CodeEngine:239 - oldGeneratedFile, V:\E-learning\MCU\lab\Lab2\Lab2_Timer_Interrupt\Core\Inc\main.h_save
2022-09-29 14:16:30,765 [INFO] CodeEngine:257 - Generated code: V:\E-learning\MCU\lab\Lab2\Lab2_Timer_Interrupt\Core\Inc\main.h
2022-09-29 14:16:30,774 [INFO] CodeEngine:239 - oldGeneratedFile, V:\E-learning\MCU\lab\Lab2\Lab2_Timer_Interrupt\Core\Src\main.c_save
2022-09-29 14:16:30,875 [INFO] CodeEngine:257 - Generated code: V:\E-learning\MCU\lab\Lab2\Lab2_Timer_Interrupt\Core\Src\main.c
2022-09-29 14:16:31,848 [INFO] ProjectBuilder:2578 - Time for Copy HAL[1] : 126mS.
2022-09-29 14:16:31,851 [INFO] ProjectBuilder:3622 - Project Generator version: 3.14.1
2022-09-29 14:16:32,293 [INFO] ConfigFileManager:1271 - The Die is : DIE412
2022-09-29 14:16:34,232 [INFO] ProjectBuilder:3789 - Time for Generating toolchain IDE Files: 2381mS.
2022-09-29 14:16:34,232 [INFO] ProjectBuilder:2457 - Time for Copy CMSIS : 0mS.
2022-09-29 14:16:34,233 [INFO] ProjectBuilder:2457 - Time for Copy CMSIS : 0mS.
2022-09-29 14:35:52,452 [INFO] NvicIntPanel:96 - NVIC parent = com.st.microxplorer.plugins.ip.nvic.MultiNvicIntPanel[,0,0,0x0,invalid,layout=javax.swing.BoxLayout,alignmentX=0.0,alignmentY=0.0,border=,flags=9,maximumSize=,minimumSize=,preferredSize=]
2022-09-29 14:36:04,494 [INFO] UtilMem:74 - End SaveConfig() Used Memory: 904784752 Bytes (1061158912)
2022-09-29 14:36:05,925 [INFO] UtilMem:74 - End SaveConfig() Used Memory: 646796640 Bytes (1061158912)
2022-09-29 14:36:09,396 [INFO] UtilMem:74 - End SaveConfig() Used Memory: 732790296 Bytes (1061158912)
2022-09-29 14:36:09,706 [INFO] BlockDiagram:2740 - set Specific Code input for plugin: NVIC
2022-09-29 14:36:09,706 [INFO] BlockDiagram:2740 - set Specific Code input for plugin: SYS
2022-09-29 14:36:09,707 [INFO] BlockDiagram:2740 - set Specific Code input for plugin: GPIO
2022-09-29 14:36:09,707 [INFO] BlockDiagram:2740 - set Specific Code input for plugin: RCC
2022-09-29 14:36:09,707 [INFO] BlockDiagram:2740 - set Specific Code input for plugin: TIM1_8F1
2022-09-29 14:36:09,708 [INFO] CodeGenerator:663 - code generatio: config db path: V:\E-learning\MCU\lab\Stm32cubeide\STM32CubeIDE_1.7.0\STM32CubeIDE\plugins\com.st.stm32cube.common.mx_6.3.0.202107141111\\db\
2022-09-29 14:36:09,984 [INFO] CodeEngine:239 - oldGeneratedFile, V:\E-learning\MCU\lab\Lab2\Lab2_Timer_Interrupt\MXTmpFiles\license.tmp_save
2022-09-29 14:36:10,056 [INFO] CodeEngine:257 - Generated code: V:\E-learning\MCU\lab\Lab2\Lab2_Timer_Interrupt\MXTmpFiles\license.tmp
2022-09-29 14:36:10,098 [INFO] CodeEngine:239 - oldGeneratedFile, V:\E-learning\MCU\lab\Lab2\Lab2_Timer_Interrupt\MXTmpFiles\gpio.tmp_save
2022-09-29 14:36:10,158 [INFO] CodeEngine:257 - Generated code: V:\E-learning\MCU\lab\Lab2\Lab2_Timer_Interrupt\MXTmpFiles\gpio.tmp
2022-09-29 14:36:10,187 [INFO] CodeEngine:239 - oldGeneratedFile, V:\E-learning\MCU\lab\Lab2\Lab2_Timer_Interrupt\Core\Src\stm32f1xx_it.c_save
2022-09-29 14:36:10,267 [INFO] CodeEngine:257 - Generated code: V:\E-learning\MCU\lab\Lab2\Lab2_Timer_Interrupt\Core\Src\stm32f1xx_it.c
2022-09-29 14:36:10,275 [INFO] CodeEngine:239 - oldGeneratedFile, V:\E-learning\MCU\lab\Lab2\Lab2_Timer_Interrupt\Core\Inc\stm32f1xx_it.h_save
2022-09-29 14:36:10,327 [INFO] CodeEngine:257 - Generated code: V:\E-learning\MCU\lab\Lab2\Lab2_Timer_Interrupt\Core\Inc\stm32f1xx_it.h
2022-09-29 14:36:10,352 [INFO] CodeEngine:239 - oldGeneratedFile, V:\E-learning\MCU\lab\Lab2\Lab2_Timer_Interrupt\Core\Src\stm32f1xx_hal_msp.c_save
2022-09-29 14:36:10,520 [INFO] CodeEngine:257 - Generated code: V:\E-learning\MCU\lab\Lab2\Lab2_Timer_Interrupt\Core\Src\stm32f1xx_hal_msp.c
2022-09-29 14:36:10,522 [INFO] CodeEngine:239 - oldGeneratedFile, V:\E-learning\MCU\lab\Lab2\Lab2_Timer_Interrupt\MXTmpFiles\system.tmp_save
2022-09-29 14:36:10,569 [INFO] CodeEngine:257 - Generated code: V:\E-learning\MCU\lab\Lab2\Lab2_Timer_Interrupt\MXTmpFiles\system.tmp
2022-09-29 14:36:10,580 [INFO] CodeEngine:239 - oldGeneratedFile, V:\E-learning\MCU\lab\Lab2\Lab2_Timer_Interrupt\Core\Inc\stm32f1xx_hal_conf.h_save
2022-09-29 14:36:10,652 [INFO] CodeEngine:257 - Generated code: V:\E-learning\MCU\lab\Lab2\Lab2_Timer_Interrupt\Core\Inc\stm32f1xx_hal_conf.h
2022-09-29 14:36:10,665 [WARN] IPConfigManager:3148 - IP not found : TIM
2022-09-29 14:36:10,666 [WARN] CodeGenerator:3268 - IP not found : null
2022-09-29 14:36:10,675 [INFO] CodeEngine:239 - oldGeneratedFile, V:\E-learning\MCU\lab\Lab2\Lab2_Timer_Interrupt\Core\Inc\main.h_save
2022-09-29 14:36:10,744 [INFO] CodeEngine:257 - Generated code: V:\E-learning\MCU\lab\Lab2\Lab2_Timer_Interrupt\Core\Inc\main.h
2022-09-29 14:36:10,752 [INFO] CodeEngine:239 - oldGeneratedFile, V:\E-learning\MCU\lab\Lab2\Lab2_Timer_Interrupt\Core\Src\main.c_save
2022-09-29 14:36:10,853 [INFO] CodeEngine:257 - Generated code: V:\E-learning\MCU\lab\Lab2\Lab2_Timer_Interrupt\Core\Src\main.c
2022-09-29 14:36:11,746 [INFO] ProjectBuilder:2578 - Time for Copy HAL[1] : 128mS.
2022-09-29 14:36:11,749 [INFO] ProjectBuilder:3622 - Project Generator version: 3.14.1
2022-09-29 14:36:12,210 [INFO] ConfigFileManager:1271 - The Die is : DIE412
2022-09-29 14:36:13,872 [INFO] ProjectBuilder:3789 - Time for Generating toolchain IDE Files: 2123mS.
2022-09-29 14:36:13,872 [INFO] ProjectBuilder:2457 - Time for Copy CMSIS : 0mS.
2022-09-29 14:36:13,874 [INFO] ProjectBuilder:2457 - Time for Copy CMSIS : 0mS.
2022-09-29 15:26:21,432 [INFO] UtilMem:74 - End SaveConfig() Used Memory: 853694896 Bytes (1069547520)
2022-09-29 15:26:22,811 [INFO] UtilMem:74 - End SaveConfig() Used Memory: 878242432 Bytes (1069547520)
2022-09-29 15:26:24,420 [INFO] UtilMem:74 - End SaveConfig() Used Memory: 919053896 Bytes (1069547520)
2022-09-29 15:26:24,705 [INFO] BlockDiagram:2740 - set Specific Code input for plugin: NVIC
2022-09-29 15:26:24,706 [INFO] BlockDiagram:2740 - set Specific Code input for plugin: SYS
2022-09-29 15:26:24,706 [INFO] BlockDiagram:2740 - set Specific Code input for plugin: GPIO
2022-09-29 15:26:24,706 [INFO] BlockDiagram:2740 - set Specific Code input for plugin: RCC
2022-09-29 15:26:24,706 [INFO] BlockDiagram:2740 - set Specific Code input for plugin: TIM1_8F1
2022-09-29 15:26:24,715 [INFO] CodeGenerator:663 - code generatio: config db path: V:\E-learning\MCU\lab\Stm32cubeide\STM32CubeIDE_1.7.0\STM32CubeIDE\plugins\com.st.stm32cube.common.mx_6.3.0.202107141111\\db\
2022-09-29 15:26:25,053 [INFO] CodeEngine:239 - oldGeneratedFile, V:\E-learning\MCU\lab\Lab2\Lab2_Timer_Interrupt\MXTmpFiles\license.tmp_save
2022-09-29 15:26:25,118 [INFO] CodeEngine:257 - Generated code: V:\E-learning\MCU\lab\Lab2\Lab2_Timer_Interrupt\MXTmpFiles\license.tmp
2022-09-29 15:26:25,144 [INFO] CodeEngine:239 - oldGeneratedFile, V:\E-learning\MCU\lab\Lab2\Lab2_Timer_Interrupt\MXTmpFiles\gpio.tmp_save
2022-09-29 15:26:25,223 [INFO] CodeEngine:257 - Generated code: V:\E-learning\MCU\lab\Lab2\Lab2_Timer_Interrupt\MXTmpFiles\gpio.tmp
2022-09-29 15:26:25,280 [INFO] CodeEngine:239 - oldGeneratedFile, V:\E-learning\MCU\lab\Lab2\Lab2_Timer_Interrupt\Core\Src\stm32f1xx_it.c_save
2022-09-29 15:26:25,391 [INFO] CodeEngine:257 - Generated code: V:\E-learning\MCU\lab\Lab2\Lab2_Timer_Interrupt\Core\Src\stm32f1xx_it.c
2022-09-29 15:26:25,394 [INFO] CodeEngine:239 - oldGeneratedFile, V:\E-learning\MCU\lab\Lab2\Lab2_Timer_Interrupt\Core\Inc\stm32f1xx_it.h_save
2022-09-29 15:26:25,444 [INFO] CodeEngine:257 - Generated code: V:\E-learning\MCU\lab\Lab2\Lab2_Timer_Interrupt\Core\Inc\stm32f1xx_it.h
2022-09-29 15:26:25,456 [INFO] CodeEngine:239 - oldGeneratedFile, V:\E-learning\MCU\lab\Lab2\Lab2_Timer_Interrupt\Core\Src\stm32f1xx_hal_msp.c_save
2022-09-29 15:26:25,533 [INFO] CodeEngine:257 - Generated code: V:\E-learning\MCU\lab\Lab2\Lab2_Timer_Interrupt\Core\Src\stm32f1xx_hal_msp.c
2022-09-29 15:26:25,535 [INFO] CodeEngine:239 - oldGeneratedFile, V:\E-learning\MCU\lab\Lab2\Lab2_Timer_Interrupt\MXTmpFiles\system.tmp_save
2022-09-29 15:26:25,577 [INFO] CodeEngine:257 - Generated code: V:\E-learning\MCU\lab\Lab2\Lab2_Timer_Interrupt\MXTmpFiles\system.tmp
2022-09-29 15:26:25,589 [INFO] CodeEngine:239 - oldGeneratedFile, V:\E-learning\MCU\lab\Lab2\Lab2_Timer_Interrupt\Core\Inc\stm32f1xx_hal_conf.h_save
2022-09-29 15:26:25,662 [INFO] CodeEngine:257 - Generated code: V:\E-learning\MCU\lab\Lab2\Lab2_Timer_Interrupt\Core\Inc\stm32f1xx_hal_conf.h
2022-09-29 15:26:25,675 [WARN] IPConfigManager:3148 - IP not found : TIM
2022-09-29 15:26:25,676 [WARN] CodeGenerator:3268 - IP not found : null
2022-09-29 15:26:25,687 [INFO] CodeEngine:239 - oldGeneratedFile, V:\E-learning\MCU\lab\Lab2\Lab2_Timer_Interrupt\Core\Inc\main.h_save
2022-09-29 15:26:25,754 [INFO] CodeEngine:257 - Generated code: V:\E-learning\MCU\lab\Lab2\Lab2_Timer_Interrupt\Core\Inc\main.h
2022-09-29 15:26:25,762 [INFO] CodeEngine:239 - oldGeneratedFile, V:\E-learning\MCU\lab\Lab2\Lab2_Timer_Interrupt\Core\Src\main.c_save
2022-09-29 15:26:25,877 [INFO] CodeEngine:257 - Generated code: V:\E-learning\MCU\lab\Lab2\Lab2_Timer_Interrupt\Core\Src\main.c
2022-09-29 15:26:26,756 [INFO] ProjectBuilder:2578 - Time for Copy HAL[1] : 126mS.
2022-09-29 15:26:26,758 [INFO] ProjectBuilder:3622 - Project Generator version: 3.14.1
2022-09-29 15:26:27,177 [INFO] ConfigFileManager:1271 - The Die is : DIE412
2022-09-29 15:26:28,905 [INFO] ProjectBuilder:3789 - Time for Generating toolchain IDE Files: 2146mS.
2022-09-29 15:26:28,905 [INFO] ProjectBuilder:2457 - Time for Copy CMSIS : 0mS.
2022-09-29 15:26:28,907 [INFO] ProjectBuilder:2457 - Time for Copy CMSIS : 0mS.
